Log file open, 02/27/17 14:16:13
LogInit:Display: Running engine for game: BattleTank
LogPlatformFile: Not using cached read wrapper
LogInit:Display: RandInit(-654768174) SRandInit(-654768174).
LogTaskGraph: Started task graph with 5 named threads and 8 total threads with 1 sets of task threads.
LogStats: Stats thread started at 0.087976
LogInit: Using libcurl 7.47.1
LogInit:  - built for x86_64-pc-win32
LogInit:  - supports SSL with OpenSSL/1.0.2g
LogInit:  - supports HTTP deflate (compression) using libz 1.2.8
LogInit:  - other features:
LogInit:      CURL_VERSION_SSL
LogInit:      CURL_VERSION_LIBZ
LogInit:      CURL_VERSION_IPV6
LogInit:      CURL_VERSION_ASYNCHDNS
LogInit:      CURL_VERSION_LARGEFILE
LogInit:      CURL_VERSION_IDN
LogInit:  CurlRequestOptions (configurable via config and command line):
LogInit:  - bVerifyPeer = false  - Libcurl will NOT verify peer certificate
LogInit:  - bUseHttpProxy = false  - Libcurl will NOT use HTTP proxy
LogInit:  - bDontReuseConnections = false  - Libcurl will reuse connections
LogInit:  - CertBundlePath = nullptr  - Libcurl will use whatever was configured at build time.
LogInit: Build: ++UE4+Release-4.15-CL-3299760
LogInit: Engine Version: 4.15.0-3299760+++UE4+Release-4.15
LogInit: Compatible Engine Version: 4.15.0-3299760+++UE4+Release-4.15
LogInit: Net CL: 3299760
LogDevObjectVersion: Number of dev versions registered: 14
LogDevObjectVersion:   Dev-Blueprints (B0D832E4-1F89-4F0D-ACCF-7EB736FD4AA2): 8
LogDevObjectVersion:   Dev-Build (E1C64328-A22C-4D53-A36C-8E866417BD8C): 0
LogDevObjectVersion:   Dev-Core (375EC13C-06E4-48FB-B500-84F0262A717E): 2
LogDevObjectVersion:   Dev-Editor (E4B068ED-F494-42E9-A231-DA0B2E46BB41): 14
LogDevObjectVersion:   Dev-Framework (CFFC743F-43B0-4480-9391-14DF171D2073): 22
LogDevObjectVersion:   Dev-Mobile (B02B49B5-BB20-44E9-A304-32B752E40360): 0
LogDevObjectVersion:   Dev-Networking (A4E4105C-59A1-49B5-A7C5-40C4547EDFEE): 0
LogDevObjectVersion:   Dev-Online (39C831C9-5AE6-47DC-9A44-9C173E1C8E7C): 0
LogDevObjectVersion:   Dev-Physics (78F01B33-EBEA-4F98-B9B4-84EACCB95AA2): 0
LogDevObjectVersion:   Dev-Platform (6631380F-2D4D-43E0-8009-CF276956A95A): 0
LogDevObjectVersion:   Dev-Rendering (12F88B9F-8875-4AFC-A67C-D90C383ABD29): 12
LogDevObjectVersion:   Dev-Sequencer (7B5AE74C-D270-4C10-A958-57980B212A5A): 3
LogDevObjectVersion:   Dev-VR (D7296918-1DD6-4BDD-9DE2-64A83CC13884): 0
LogDevObjectVersion:   Dev-LoadTimes (C2A15278-BFE7-4AFE-6C17-90FF531DF755): 1
LogInit: Compiled (64-bit): Feb 14 2017 02:04:14
LogInit: Compiled with Visual C++: 19.00.23026.00
LogInit: Build Configuration: Development
LogInit: Branch Name: ++UE4+Release-4.15
LogInit: Command line:  
LogInit: Base directory: C:/Program Files/Epic Games/UE_4.15/Engine/Binaries/Win64/
LogInit: Installed Engine Build: 1
LogInit: Presizing for max 8388607 objects, including 0 objects not considered by GC, pre-allocating 0 bytes for permanent pool.
LogInit: Object subsystem initialized
[2017.02.27-19.16.15:076][  0]LogInit: Selected Device Profile: [Windows]
[2017.02.27-19.16.15:076][  0]LogInit: Applying CVar settings loaded from the selected device profile: [Windows]
[2017.02.27-19.16.15:085][  0]LogInit: Computer: ZIGGY-PC
[2017.02.27-19.16.15:085][  0]LogInit: User: Ziggy
[2017.02.27-19.16.15:085][  0]LogInit: CPU Page size=65536, Cores=4
[2017.02.27-19.16.15:085][  0]LogInit: High frequency timer resolution =3.613395 MHz
[2017.02.27-19.16.15:085][  0]LogMemory: Memory total: Physical=15.9GB (16GB approx)
[2017.02.27-19.16.15:085][  0]LogMemory: Platform Memory Stats for Windows
[2017.02.27-19.16.15:085][  0]LogMemory: Process Physical Memory: 262.73 MB used, 262.73 MB peak
[2017.02.27-19.16.15:085][  0]LogMemory: Process Virtual Memory: 262.64 MB used, 262.64 MB peak
[2017.02.27-19.16.15:085][  0]LogMemory: Physical Memory: 6102.23 MB used,  10201.02 MB free, 16303.26 MB total
[2017.02.27-19.16.15:085][  0]LogMemory: Virtual Memory: 630.08 MB used,  10201.02 MB free, 134217728.00 MB total
[2017.02.27-19.16.15:200][  0]LogTextLocalizationManager: No specific translations for ('en-US') exist, so ('en') translations will be used.
[2017.02.27-19.16.15:931][  0]LogD3D11RHI: D3D11 adapters:
[2017.02.27-19.16.16:530][  0]LogD3D11RHI:    0. 'NVIDIA GeForce GTX 780' (Feature Level 11_0)
[2017.02.27-19.16.16:530][  0]LogD3D11RHI:       3039/0/8151 MB DedicatedVideo/DedicatedSystem/SharedSystem, Outputs:2, VendorId:0x10de
[2017.02.27-19.16.16:532][  0]LogD3D11RHI:    1. 'Microsoft Basic Render Driver' (Feature Level 11_0)
[2017.02.27-19.16.16:532][  0]LogD3D11RHI:       0/0/8151 MB DedicatedVideo/DedicatedSystem/SharedSystem, Outputs:0, VendorId:0x1414
[2017.02.27-19.16.16:532][  0]LogD3D11RHI: Chosen D3D11 Adapter: 0
[2017.02.27-19.16.16:548][  0]LogD3D11RHI: Creating new Direct3DDevice
[2017.02.27-19.16.16:548][  0]LogD3D11RHI:     GPU DeviceId: 0x1004 (for the marketing name, search the web for "GPU Device Id")
[2017.02.27-19.16.16:548][  0]LogWindows: EnumDisplayDevices:
[2017.02.27-19.16.16:548][  0]LogWindows:    0. 'NVIDIA GeForce GTX 780' (P:0 D:1)
[2017.02.27-19.16.16:548][  0]LogWindows:    1. 'NVIDIA GeForce GTX 780' (P:1 D:1)
[2017.02.27-19.16.16:548][  0]LogWindows:    2. 'NVIDIA GeForce GTX 780' (P:0 D:0)
[2017.02.27-19.16.16:549][  0]LogWindows:    3. 'NVIDIA GeForce GTX 780' (P:0 D:0)
[2017.02.27-19.16.16:549][  0]LogWindows: DebugString: FoundDriverCount:4 
[2017.02.27-19.16.16:549][  0]LogD3D11RHI:     Adapter Name: NVIDIA GeForce GTX 780
[2017.02.27-19.16.16:549][  0]LogD3D11RHI:   Driver Version: 378.49 (internal:21.21.13.7849, unified:378.49)
[2017.02.27-19.16.16:549][  0]LogD3D11RHI:      Driver Date: 1-20-2017
[2017.02.27-19.16.16:549][  0]LogRHI: Texture pool is 1361 MB (70% of 1945 MB)
[2017.02.27-19.16.17:128][  0]LogD3D11RHI:Warning: Timestamp queries are currently disabled on this hardware due to instability. Realtime GPU stats will not be available. You can override this behaviour by setting r.NVIDIATimestampWorkaround to 0
[2017.02.27-19.16.17:158][  0]LogD3D11RHI: Async texture creation enabled
[2017.02.27-19.16.17:170][  0]LogD3D11RHI: GPU Timing Frequency: 1000.000000 (Debug: 2 1)
[2017.02.27-19.16.17:269][  0]LogShaderCompilers: Guid format shader working directory is -46 characters bigger than the processId version (../../../../../../Users/Ziggy/Documents/SourceTreeRepositories/BattleTankProject/BattleTank/Intermediate/Shaders/WorkingDirectory/89476/).
[2017.02.27-19.16.17:269][  0]LogShaderCompilers: Cleaned the shader compiler working directory 'C:/Users/Ziggy/AppData/Local/Temp/UnrealShaderWorkingDir/F8E29F1147D7C756A0DB6091F234B14A/'.
[2017.02.27-19.16.17:269][  0]LogShaderCompilers:Display: Using Local Shader Compiler.
[2017.02.27-19.16.18:900][  0]LogTemp:Display: Loaded TP AllDesktopTargetPlatform
[2017.02.27-19.16.18:994][  0]LogTemp:Display: Loaded TP MacClientTargetPlatform
[2017.02.27-19.16.19:077][  0]LogTemp:Display: Loaded TP MacNoEditorTargetPlatform
[2017.02.27-19.16.19:158][  0]LogTemp:Display: Loaded TP MacServerTargetPlatform
[2017.02.27-19.16.19:242][  0]LogTemp:Display: Loaded TP MacTargetPlatform
[2017.02.27-19.16.19:325][  0]LogTemp:Display: Loaded TP WindowsClientTargetPlatform
[2017.02.27-19.16.19:409][  0]LogTemp:Display: Loaded TP WindowsNoEditorTargetPlatform
[2017.02.27-19.16.19:498][  0]LogTemp:Display: Loaded TP WindowsServerTargetPlatform
[2017.02.27-19.16.19:573][  0]LogTemp:Display: Loaded TP WindowsTargetPlatform
[2017.02.27-19.16.19:654][  0]LogTemp:Display: Loaded TP AndroidTargetPlatform
[2017.02.27-19.16.19:736][  0]LogTemp:Display: Loaded TP Android_ASTCTargetPlatform
[2017.02.27-19.16.19:828][  0]LogTemp:Display: Loaded TP Android_ATCTargetPlatform
[2017.02.27-19.16.19:916][  0]LogTemp:Display: Loaded TP Android_DXTTargetPlatform
[2017.02.27-19.16.19:998][  0]LogTemp:Display: Loaded TP Android_ETC1TargetPlatform
[2017.02.27-19.16.20:084][  0]LogTemp:Display: Loaded TP Android_ETC2TargetPlatform
[2017.02.27-19.16.20:252][  0]LogTemp:Display: Loaded TP Android_MultiTargetPlatform
[2017.02.27-19.16.20:252][  0]LogTemp:Display: Loaded TP Android_PVRTCTargetPlatform
[2017.02.27-19.16.20:317][  0]LogTemp:Display: Loaded TP HTML5TargetPlatform
[2017.02.27-19.16.20:454][  0]LogTemp:Display: Loaded TP IOSTargetPlatform
[2017.02.27-19.16.20:503][  0]LogTemp:Display: Loaded TP TVOSTargetPlatform
[2017.02.27-19.16.20:585][  0]LogTemp:Display: Loaded TP LinuxClientTargetPlatform
[2017.02.27-19.16.20:668][  0]LogTemp:Display: Loaded TP LinuxNoEditorTargetPlatform
[2017.02.27-19.16.20:747][  0]LogTemp:Display: Loaded TP LinuxServerTargetPlatform
[2017.02.27-19.16.20:826][  0]LogTemp:Display: Loaded TP LinuxTargetPlatform
[2017.02.27-19.16.20:826][  0]LogTargetPlatformManager:Display: Building Assets For Windows
[2017.02.27-19.16.21:574][  0]LogDerivedDataCache:Display: Max Cache Size: 512 MB
[2017.02.27-19.16.21:630][  0]LogDerivedDataCache: Loaded boot cache 0.06s 50MB C:/Users/Ziggy/AppData/Local/UnrealEngine/4.15/DerivedDataCache/Boot.ddc.
[2017.02.27-19.16.21:630][  0]LogDerivedDataCache:Display: Loaded Boot cache: C:/Users/Ziggy/AppData/Local/UnrealEngine/4.15/DerivedDataCache/Boot.ddc
[2017.02.27-19.16.21:630][  0]LogDerivedDataCache: FDerivedDataBackendGraph:  Pak pak cache file ../../../../../../Users/Ziggy/Documents/SourceTreeRepositories/BattleTankProject/BattleTank/DerivedDataCache/DDC.ddp not found, will not use a pak cache.
[2017.02.27-19.16.21:630][  0]LogDerivedDataCache: Unable to find inner node Pak for hierarchical cache Hierarchy.
[2017.02.27-19.16.21:630][  0]LogDerivedDataCache: FDerivedDataBackendGraph:  CompressedPak pak cache file ../../../../../../Users/Ziggy/Documents/SourceTreeRepositories/BattleTankProject/BattleTank/DerivedDataCache/Compressed.ddp not found, will not use a pak cache.
[2017.02.27-19.16.21:630][  0]LogDerivedDataCache: Unable to find inner node CompressedPak for hierarchical cache Hierarchy.
[2017.02.27-19.16.21:657][  0]LogDerivedDataCache:Display: Pak cache opened for reading ../../../Engine/DerivedDataCache/Compressed.ddp.
[2017.02.27-19.16.21:669][  0]LogDerivedDataCache: Using Local data cache path C:/Users/Ziggy/AppData/Local/UnrealEngine/Common/DerivedDataCache: Writable
[2017.02.27-19.16.21:678][  0]LogSlate: Using Freetype 2.6.0
[2017.02.27-19.16.21:679][  0]LogSlate: SlateFontCache - WITH_FREETYPE: 1, WITH_HARFBUZZ: 1
[2017.02.27-19.16.21:679][  0]LogSlate: SlateFontCache - WITH_FREETYPE: 1, WITH_HARFBUZZ: 1
[2017.02.27-19.16.22:038][  0]LogInit: Selected Device Profile: [Windows]
[2017.02.27-19.16.22:040][  0]LogContentStreaming: Texture pool size is 0.00 MB
[2017.02.27-19.16.22:357][  0]LogMeshUtilities: Using QuadricMeshReduction for automatic static mesh reduction
[2017.02.27-19.16.22:430][  0]LogSimplygon: Simplygon DLL not present - disabling.
[2017.02.27-19.16.22:508][  0]LogMeshUtilities: Using SimplygonSwarm for distributed automatic mesh merging
[2017.02.27-19.16.22:509][  0]LogMeshUtilities: No automatic skeletal mesh reduction module available
[2017.02.27-19.16.22:509][  0]LogMeshUtilities: No automatic mesh merging module available
[2017.02.27-19.16.23:248][  0]LogNetVersion: GetLocalNetworkVersion: CL: 3299760, ProjectName: battletank, ProjectVersion: , EngineNetworkVersion: 2, GameNetworkVersion: 0, NetworkChecksum: 2512795372
[2017.02.27-19.16.23:325][  0]LogAssetRegistry: FAssetRegistry took 0.0222 seconds to start up
[2017.02.27-19.16.23:393][  0]LogPackageLocalizationCache: Processed 3 localized package path(s) for 2 prioritized culture(s) in 0.032504 seconds
[2017.02.27-19.16.23:398][  0]LogUObjectArray: 32475 objects as part of root set at end of initial load.
[2017.02.27-19.16.23:398][  0]LogUObjectAllocator: 7073360 out of 0 bytes used by permanent object pool.
[2017.02.27-19.16.23:398][  0]LogUObjectArray: CloseDisregardForGC: 0/0 objects in disregard for GC pool
[2017.02.27-19.16.23:493][  0]LogInit: WinSock: version 1.1 (2.2), MaxSocks=32767, MaxUdp=65467
[2017.02.27-19.16.26:753][  0]LogTcpMessaging: Initializing TcpMessaging bridge
[2017.02.27-19.16.26:828][  0]LogUdpMessaging: Initializing bridge on interface 0.0.0.0:0 to multicast group 230.0.0.1:6666.
[2017.02.27-19.16.27:994][  0]LogMaterial: Uniform references updated for custom material expression Custom.
[2017.02.27-19.16.28:941][  0]SourceControl: Info Source control is disabled
[2017.02.27-19.16.29:171][  0]SourceControl: Info Source control is disabled
[2017.02.27-19.16.29:260][  0]SourceControl: Info Source control is disabled
[2017.02.27-19.16.29:348][  0]SourceControl: Info Source control is disabled
[2017.02.27-19.16.31:811][  0]LogEngine: Initializing Engine...
[2017.02.27-19.16.31:812][  0]LogHMD: Failed to initialize OpenVR with code 110
[2017.02.27-19.16.32:278][  0]LogAIModule: Creating AISystem for world Untitled
[2017.02.27-19.16.32:300][  0]LogInit: XAudio2 using 'Speakers (Realtek High Definition Audio)' : 2 channels at 48 kHz using 16 bits per sample (channel mask 0x3)
[2017.02.27-19.16.32:359][  0]LogInit: FAudioDevice initialized.
[2017.02.27-19.16.32:395][  0]LogDerivedDataCache: Saved boot cache 0.04s 50MB C:/Users/Ziggy/AppData/Local/UnrealEngine/4.15/DerivedDataCache/Boot.ddc.
[2017.02.27-19.16.32:403][  0]LogInit: Texture streaming: Enabled
[2017.02.27-19.16.32:596][  0]LogEngineSessionManager: EngineSessionManager initialized
[2017.02.27-19.16.32:817][  0]LogInit: Transaction tracking system initialized
[2017.02.27-19.16.33:613][  0]BlueprintLog: New page: Editor Load
[2017.02.27-19.16.35:173][  0]LocalizationService: Info Localization service is disabled
[2017.02.27-19.16.36:341][  0]LogConsoleResponse:Display: 
[2017.02.27-19.16.36:497][  0]LogCook:Display: Max memory allowance for cook 16384mb min free memory 0mb
[2017.02.27-19.16.36:497][  0]LogCook:Display: Mobile HDR setting 1
[2017.02.27-19.16.37:160][  0]LogFileCache: Scanning file cache for directory 'C:/Users/Ziggy/Documents/SourceTreeRepositories/BattleTankProject/BattleTank/Content/' took 0.01s
[2017.02.27-19.16.38:259][  0]SourceControl: Info Source control is disabled
[2017.02.27-19.16.38:259][  0]Cmd: MAP LOAD FILE="../../../../../../Users/Ziggy/Documents/SourceTreeRepositories/BattleTankProject/BattleTank/Content/BattleGround.umap" TEMPLATE=0 SHOWPROGRESS=1 FEATURELEVEL=3
[2017.02.27-19.16.38:260][  0]LightingResults: New page: Lighting Build
[2017.02.27-19.16.38:325][  0]MapCheck: New page: Map Check
[2017.02.27-19.16.38:325][  0]LightingResults: New page: Lighting Build
[2017.02.27-19.16.38:692][  0]LogAIModule: Creating AISystem for world BattleGround
[2017.02.27-19.16.38:811][  0]LogEditorServer: Finished looking for orphan Actors (0.000 secs)
[2017.02.27-19.16.38:812][  0]Cmd: MAP CHECKDEP NOCLEARLOG
[2017.02.27-19.16.38:897][  0]MapCheck: Info Map check complete: 0 Error(s), 0 Warning(s), took 85.813ms to complete.
[2017.02.27-19.16.38:897][  0]LogFileHelpers: Loading map 'BattleGround' took 0.639
[2017.02.27-19.16.39:094][  0]LogCollectionManager: Loaded 0 collections in 0.002485 seconds
[2017.02.27-19.16.39:211][  0]LogFileCache: Scanning file cache for directory 'C:/Users/Ziggy/Documents/SourceTreeRepositories/BattleTankProject/BattleTank/Saved/Collections/' took 0.01s
[2017.02.27-19.16.39:211][  0]LogFileCache: Scanning file cache for directory 'C:/Users/Ziggy/Documents/SourceTreeRepositories/BattleTankProject/BattleTank/Content/Developers/Ziggy/Collections/' took 0.01s
[2017.02.27-19.16.39:211][  0]LogFileCache: Scanning file cache for directory 'C:/Users/Ziggy/Documents/SourceTreeRepositories/BattleTankProject/BattleTank/Content/Collections/' took 0.01s
[2017.02.27-19.16.39:211][  0]LogCollectionManager: Rebuilt the GUID cache for 0 collections in 0.000002 seconds
[2017.02.27-19.16.39:223][  0]LogContentBrowser: Native class hierarchy populated in 0.0113 seconds. Added 2245 classes and 452 folders.
[2017.02.27-19.16.39:226][  0]LogStats: UGameplayTagsManager::ConstructGameplayTagTree: Construct from data asset -  0.000 s
[2017.02.27-19.16.39:226][  0]LogStats: UGameplayTagsManager::ConstructGameplayTagTree: GameplayTagTreeChangedEvent.Broadcast -  0.000 s
[2017.02.27-19.16.39:323][  0]LogContentBrowser: Native class hierarchy updated for 'WidgetCarousel' in 0.0028 seconds. Added 0 classes and 0 folders.
[2017.02.27-19.16.39:399][  0]LogContentBrowser: Native class hierarchy updated for 'AddContentDialog' in 0.0024 seconds. Added 0 classes and 0 folders.
[2017.02.27-19.16.39:470][  0]LogContentBrowser: Native class hierarchy updated for 'SceneOutliner' in 0.0025 seconds. Added 1 classes and 2 folders.
[2017.02.27-19.16.39:709][  0]LogCrashTracker: Crashtracker disabled due to settings.
[2017.02.27-19.16.39:718][  0]LogUObjectGlobals:Warning: Failed to find object 'Class None.'
[2017.02.27-19.16.39:822][  0]LogContentBrowser: Native class hierarchy updated for 'HierarchicalLODOutliner' in 0.0028 seconds. Added 1 classes and 2 folders.
[2017.02.27-19.16.39:822][  0]LogLoad: (Engine Initialization) Total time: 27.61 seconds
[2017.02.27-19.16.39:822][  0]LogLoad: (Engine Initialization) Total Blueprint compile time: 0.12 seconds
[2017.02.27-19.16.39:822][  0]LogExternalProfiler: Found external profiler: VSPerf
[2017.02.27-19.16.39:822][  0]LogExternalProfiler: Using external profiler: VSPerf
[2017.02.27-19.16.40:163][  0]LogOcInput: OculusInput pre-init called
[2017.02.27-19.16.40:197][  0]LogContentStreaming: Texture pool size now 800 MB
[2017.02.27-19.16.40:200][  0]LogSlate: Took 0.000572 seconds to synchronously load lazily loaded font '../../../Engine/Content/Slate/Fonts/Roboto-Regular.ttf' (155K)
[2017.02.27-19.16.40:207][  0]LogSlate: Took 0.000622 seconds to synchronously load lazily loaded font '../../../Engine/Content/Slate/Fonts/Roboto-Bold.ttf' (160K)
[2017.02.27-19.16.40:218][  0]LogSlate: Took 0.000443 seconds to synchronously load lazily loaded font '../../../Engine/Content/Editor/Slate/Fonts/FontAwesome.ttf' (139K)
[2017.02.27-19.16.40:379][  0]LogSlate: Took 0.000294 seconds to synchronously load lazily loaded font '../../../Engine/Content/Slate/Fonts/Roboto-Light.ttf' (159K)
[2017.02.27-19.16.40:431][  0]LogRenderer: Reallocating scene render targets to support 996x588 NumSamples 1 (Frame:2).
[2017.02.27-19.16.40:835][  2]LogAssetRegistry: Asset discovery search completed in 17.5318 seconds
[2017.02.27-19.16.40:835][  2]LogCollectionManager: Rebuilt the object cache for 0 collections in 0.000009 seconds (found 0 objects)
[2017.02.27-19.16.40:835][  2]LogCollectionManager: Fixed up redirectors for 0 collections in 0.000037 seconds (updated 0 objects)
[2017.02.27-19.16.41:167][  3]LogSlate: Took 0.000843 seconds to synchronously load lazily loaded font '../../../Engine/Content/Slate/Fonts/Roboto-Light.ttf' (159K)
[2017.02.27-19.16.46:835][442]LogSlate: Took 0.000271 seconds to synchronously load lazily loaded font '../../../Engine/Content/Slate/Fonts/Roboto-Light.ttf' (159K)
[2017.02.27-19.16.47:429][442]LogContentBrowser: Native class hierarchy updated for 'BlueprintGraph' in 0.0028 seconds. Added 112 classes and 0 folders.
[2017.02.27-19.16.48:333][442]LogSlate: Took 0.000349 seconds to synchronously load lazily loaded font '../../../Engine/Content/Editor/Slate/Fonts/Roboto-BoldCondensed.ttf' (158K)
[2017.02.27-19.47.04:949][537]LogMetaData: Removing '/Game/BattleTankGameMode_BP.BattleTankGameMode_BP:UserConstructionScript.K2Node_FunctionEntry_0' ref from Metadata '/Game/MyBattleTankGameModeBase.PackageMetaData'
[2017.02.27-19.47.04:949][537]LogMetaData: Removing '/Game/BattleTankGameMode_BP.SKEL_BattleTankGameMode_BP_C' ref from Metadata '/Game/MyBattleTankGameModeBase.PackageMetaData'
[2017.02.27-19.47.04:949][537]LogMetaData: Removing '/Game/BattleTankGameMode_BP.BattleTankGameMode_BP_C' ref from Metadata '/Game/MyBattleTankGameModeBase.PackageMetaData'
[2017.02.27-19.47.04:949][537]LogMetaData: Removing '/Game/BattleTankGameMode_BP.BattleTankGameMode_BP:EventGraph.K2Node_Event_0' ref from Metadata '/Game/MyBattleTankGameModeBase.PackageMetaData'
[2017.02.27-19.47.04:949][537]LogMetaData: Removing '/Game/BattleTankGameMode_BP.BattleTankGameMode_BP:EventGraph.K2Node_Event_1' ref from Metadata '/Game/MyBattleTankGameModeBase.PackageMetaData'
[2017.02.27-19.47.04:983][537]LogSavePackage: Save=10.89ms
[2017.02.27-19.47.04:983][537]LogSavePackage: Moving '../../../../../../Users/Ziggy/Documents/SourceTreeRepositories/BattleTankProject/BattleTank/Saved/BattleTankGameMode_BPC843754142D5E6B7DA03A48A1B278D22.tmp' to '../../../../../../Users/Ziggy/Documents/SourceTreeRepositories/BattleTankProject/BattleTank/Content/BattleTankGameMode_BP.uasset'
[2017.02.27-19.47.04:986][537]LogSavePackage:Display: Finished SavePackage ../../../../../../Users/Ziggy/Documents/SourceTreeRepositories/BattleTankProject/BattleTank/Content/BattleTankGameMode_BP.uasset
[2017.02.27-19.47.06:975][687]LogSlate: Took 0.000362 seconds to synchronously load lazily loaded font '../../../Engine/Content/Editor/Slate/Fonts/Roboto-Italic.ttf' (157K)
[2017.02.27-19.47.10:252][900]LogSavePackage: Save=1.62ms
[2017.02.27-19.47.10:252][900]LogSavePackage: Moving '../../../../../../Users/Ziggy/Documents/SourceTreeRepositories/BattleTankProject/BattleTank/Saved/MyBattleTankGameModeBaseF739FD344F602A05B56923AD63DFC159.tmp' to '../../../../../../Users/Ziggy/Documents/SourceTreeRepositories/BattleTankProject/BattleTank/Content/MyBattleTankGameModeBase.uasset'
[2017.02.27-19.47.10:255][900]LogSavePackage:Display: Finished SavePackage ../../../../../../Users/Ziggy/Documents/SourceTreeRepositories/BattleTankProject/BattleTank/Content/MyBattleTankGameModeBase.uasset
[2017.02.27-19.47.40:517][266]LogSlate:Warning: Prevented a slow task dialog from being summoned while a context menu was open
[2017.02.27-19.47.44:424][631]BlueprintLog: New page: Compile BattleTankGameMode_BP
[2017.02.27-19.47.45:074][664]LogSavePackage: Save=9.25ms
[2017.02.27-19.47.45:074][664]LogSavePackage: Moving '../../../../../../Users/Ziggy/Documents/SourceTreeRepositories/BattleTankProject/BattleTank/Saved/BattleTankGameMode_BP8DEA18A245FFBB4E27FEEC9A87BCBBC6.tmp' to '../../../../../../Users/Ziggy/Documents/SourceTreeRepositories/BattleTankProject/BattleTank/Content/BattleTankGameMode_BP.uasset'
[2017.02.27-19.47.45:077][664]LogSavePackage:Display: Finished SavePackage ../../../../../../Users/Ziggy/Documents/SourceTreeRepositories/BattleTankProject/BattleTank/Content/BattleTankGameMode_BP.uasset
[2017.02.27-19.47.57:673][867]LogSlate:Warning: Prevented a slow task dialog from being summoned while a context menu was open
[2017.02.27-19.48.18:145][ 86]LogTemp: Repeting last play command: Selected Viewport
[2017.02.27-19.48.18:161][ 86]LogPlayLevel: PlayLevel: No blueprints needed recompiling
[2017.02.27-19.48.18:162][ 86]PIE: New page: PIE session: BattleGround (Feb 27, 2017, 9:48:18 AM)
[2017.02.27-19.48.18:162][ 86]LogPlayLevel: Creating play world package: /Game/UEDPIE_0_BattleGround
[2017.02.27-19.48.18:248][ 86]LogPlayLevel: PIE: StaticDuplicateObject took: (0.086162s)
[2017.02.27-19.48.18:249][ 86]LogAIModule: Creating AISystem for world BattleGround
[2017.02.27-19.48.18:250][ 86]LogPlayLevel: PIE: World Init took: (0.001514s)
[2017.02.27-19.48.18:250][ 86]LogPlayLevel: PIE: Created PIE world by copying editor world from /Game/BattleGround.BattleGround to /Game/UEDPIE_0_BattleGround.BattleGround (0.088172s)
[2017.02.27-19.48.18:275][ 86]LogInit: XAudio2 using 'Speakers (Realtek High Definition Audio)' : 2 channels at 48 kHz using 16 bits per sample (channel mask 0x3)
[2017.02.27-19.48.18:313][ 86]LogInit: FAudioDevice initialized.
[2017.02.27-19.48.18:361][ 86]LogLoad: Game class is 'BattleTankGameMode_BP_C'
[2017.02.27-19.48.18:365][ 86]LogWorld: Bringing World /Game/UEDPIE_0_BattleGround.BattleGround up for play (max tick rate 0) at 2017.02.27-14.48.18
[2017.02.27-19.48.18:365][ 86]LogWorld: Bringing up level for play took: 0.003286
[2017.02.27-19.48.18:435][ 86]LogContentBrowser: Native class hierarchy updated for 'MovieSceneCapture' in 0.0025 seconds. Added 11 classes and 0 folders.
[2017.02.27-19.48.18:438][ 86]PIE: Info Play in editor start time for /Game/UEDPIE_0_BattleGround 0.465
[2017.02.27-19.48.23:531][678]LogTemp: Repeting last play command: Selected Viewport
[2017.02.27-19.48.23:544][678]LogPlayLevel: PlayLevel: No blueprints needed recompiling
[2017.02.27-19.48.23:544][678]PIE: New page: PIE session: BattleGround (Feb 27, 2017, 9:48:23 AM)
[2017.02.27-19.48.23:545][678]LogPlayLevel: Creating play world package: /Game/UEDPIE_0_BattleGround
[2017.02.27-19.48.23:621][678]LogPlayLevel: PIE: StaticDuplicateObject took: (0.076297s)
[2017.02.27-19.48.23:622][678]LogAIModule: Creating AISystem for world BattleGround
[2017.02.27-19.48.23:622][678]LogPlayLevel: PIE: World Init took: (0.000751s)
[2017.02.27-19.48.23:622][678]LogPlayLevel: PIE: Created PIE world by copying editor world from /Game/BattleGround.BattleGround to /Game/UEDPIE_0_BattleGround.BattleGround (0.077308s)
[2017.02.27-19.48.23:654][678]LogInit: XAudio2 using 'Speakers (Realtek High Definition Audio)' : 2 channels at 48 kHz using 16 bits per sample (channel mask 0x3)
[2017.02.27-19.48.23:691][678]LogInit: FAudioDevice initialized.
[2017.02.27-19.48.23:725][678]LogLoad: Game class is 'BattleTankGameMode_BP_C'
[2017.02.27-19.48.23:729][678]LogWorld: Bringing World /Game/UEDPIE_0_BattleGround.BattleGround up for play (max tick rate 0) at 2017.02.27-14.48.23
[2017.02.27-19.48.23:729][678]LogWorld: Bringing up level for play took: 0.002956
[2017.02.27-19.48.23:732][678]PIE: Info Play in editor start time for /Game/UEDPIE_0_BattleGround -0.241
[2017.02.27-19.48.37:242][605]LogSavePackage: Save=698.87ms
[2017.02.27-19.48.37:243][605]LogSavePackage: Moving '../../../../../../Users/Ziggy/Documents/SourceTreeRepositories/BattleTankProject/BattleTank/Saved/BattleGround84DA9A1C40649B11E1C288A0477E6C03.tmp' to '../../../../../../Users/Ziggy/Documents/SourceTreeRepositories/BattleTankProject/BattleTank/Content/BattleGround.umap'
[2017.02.27-19.48.37:247][605]LogSavePackage:Display: Finished SavePackage ../../../../../../Users/Ziggy/Documents/SourceTreeRepositories/BattleTankProject/BattleTank/Content/BattleGround.umap
[2017.02.27-19.48.39:283][605]LogSavePackage: Save=1752.88ms
[2017.02.27-19.48.39:283][605]LogSavePackage: Moving '../../../../../../Users/Ziggy/Documents/SourceTreeRepositories/BattleTankProject/BattleTank/Saved/BattleGround_BuiltData7E8C8950411023A73582D189CC2FC7A8.tmp' to '../../../../../../Users/Ziggy/Documents/SourceTreeRepositories/BattleTankProject/BattleTank/Content/BattleGround_BuiltData.uasset'
[2017.02.27-19.48.39:287][605]LogSavePackage:Display: Finished SavePackage ../../../../../../Users/Ziggy/Documents/SourceTreeRepositories/BattleTankProject/BattleTank/Content/BattleGround_BuiltData.uasset
[2017.02.27-19.48.40:926][726]LogSavePackage: Save=569.43ms
[2017.02.27-19.48.40:926][726]LogSavePackage: Moving '../../../../../../Users/Ziggy/Documents/SourceTreeRepositories/BattleTankProject/BattleTank/Saved/BattleGround56E46C85464FA5ADC6F669B4B144D940.tmp' to '../../../../../../Users/Ziggy/Documents/SourceTreeRepositories/BattleTankProject/BattleTank/Content/BattleGround.umap'
[2017.02.27-19.48.40:930][726]LogSavePackage:Display: Finished SavePackage ../../../../../../Users/Ziggy/Documents/SourceTreeRepositories/BattleTankProject/BattleTank/Content/BattleGround.umap
[2017.02.27-19.48.42:219][726]LogSavePackage: Save=1256.65ms
[2017.02.27-19.48.42:219][726]LogSavePackage: Moving '../../../../../../Users/Ziggy/Documents/SourceTreeRepositories/BattleTankProject/BattleTank/Saved/BattleGround_BuiltData9FAD235F4E40227CC0EDC181ED101B94.tmp' to '../../../../../../Users/Ziggy/Documents/SourceTreeRepositories/BattleTankProject/BattleTank/Content/BattleGround_BuiltData.uasset'
[2017.02.27-19.48.42:224][726]LogSavePackage:Display: Finished SavePackage ../../../../../../Users/Ziggy/Documents/SourceTreeRepositories/BattleTankProject/BattleTank/Content/BattleGround_BuiltData.uasset
[2017.02.27-19.48.48:923][301]LogEditorViewport: Clicking on Actor (LMB): Tank_BP_C (Tank_BP)
[2017.02.27-19.49.25:062][279]BlueprintLog: New page: Compile Tank_BP
[2017.02.27-19.49.25:646][318]Cmd: OBJ SAVEPACKAGE PACKAGE="/Game/Tank_BP" FILE="../../../../../../Users/Ziggy/Documents/SourceTreeRepositories/BattleTankProject/BattleTank/Content/Tank_BP.uasset" SILENT=true
[2017.02.27-19.49.25:680][318]LogSavePackage: Save=26.86ms
[2017.02.27-19.49.25:680][318]LogSavePackage: Moving '../../../../../../Users/Ziggy/Documents/SourceTreeRepositories/BattleTankProject/BattleTank/Saved/Tank_BP5E16A1B04DB9BD66AEC5F987880FAB57.tmp' to '../../../../../../Users/Ziggy/Documents/SourceTreeRepositories/BattleTankProject/BattleTank/Content/Tank_BP.uasset'
[2017.02.27-19.49.25:684][318]LogSavePackage:Display: Finished SavePackage ../../../../../../Users/Ziggy/Documents/SourceTreeRepositories/BattleTankProject/BattleTank/Content/Tank_BP.uasset
[2017.02.27-19.49.29:213][729]LogTemp: Repeting last play command: Selected Viewport
[2017.02.27-19.49.29:226][729]LogPlayLevel: PlayLevel: No blueprints needed recompiling
[2017.02.27-19.49.29:226][729]PIE: New page: PIE session: BattleGround (Feb 27, 2017, 9:49:29 AM)
[2017.02.27-19.49.29:226][729]LogPlayLevel: Creating play world package: /Game/UEDPIE_0_BattleGround
[2017.02.27-19.49.29:305][729]LogPlayLevel: PIE: StaticDuplicateObject took: (0.078583s)
[2017.02.27-19.49.29:306][729]LogAIModule: Creating AISystem for world BattleGround
[2017.02.27-19.49.29:306][729]LogPlayLevel: PIE: World Init took: (0.000833s)
[2017.02.27-19.49.29:306][729]LogPlayLevel: PIE: Created PIE world by copying editor world from /Game/BattleGround.BattleGround to /Game/UEDPIE_0_BattleGround.BattleGround (0.079669s)
[2017.02.27-19.49.29:335][729]LogInit: XAudio2 using 'Speakers (Realtek High Definition Audio)' : 2 channels at 48 kHz using 16 bits per sample (channel mask 0x3)
[2017.02.27-19.49.29:374][729]LogInit: FAudioDevice initialized.
[2017.02.27-19.49.29:408][729]LogLoad: Game class is 'BattleTankGameMode_BP_C'
[2017.02.27-19.49.29:412][729]LogWorld: Bringing World /Game/UEDPIE_0_BattleGround.BattleGround up for play (max tick rate 0) at 2017.02.27-14.49.29
[2017.02.27-19.49.29:412][729]LogWorld: Bringing up level for play took: 0.003072
[2017.02.27-19.49.29:415][729]PIE: Info Play in editor start time for /Game/UEDPIE_0_BattleGround -0.558
[2017.02.27-19.49.34:397][312]LogTemp: Repeting last play command: Selected Viewport
[2017.02.27-19.49.34:410][312]LogPlayLevel: PlayLevel: No blueprints needed recompiling
[2017.02.27-19.49.34:410][312]PIE: New page: PIE session: BattleGround (Feb 27, 2017, 9:49:34 AM)
[2017.02.27-19.49.34:410][312]LogPlayLevel: Creating play world package: /Game/UEDPIE_0_BattleGround
[2017.02.27-19.49.34:487][312]LogPlayLevel: PIE: StaticDuplicateObject took: (0.076710s)
[2017.02.27-19.49.34:487][312]LogAIModule: Creating AISystem for world BattleGround
[2017.02.27-19.49.34:487][312]LogPlayLevel: PIE: World Init took: (0.000764s)
[2017.02.27-19.49.34:488][312]LogPlayLevel: PIE: Created PIE world by copying editor world from /Game/BattleGround.BattleGround to /Game/UEDPIE_0_BattleGround.BattleGround (0.077736s)
[2017.02.27-19.49.34:516][312]LogInit: XAudio2 using 'Speakers (Realtek High Definition Audio)' : 2 channels at 48 kHz using 16 bits per sample (channel mask 0x3)
[2017.02.27-19.49.34:552][312]LogInit: FAudioDevice initialized.
[2017.02.27-19.49.34:585][312]LogLoad: Game class is 'BattleTankGameMode_BP_C'
[2017.02.27-19.49.34:591][312]LogWorld: Bringing World /Game/UEDPIE_0_BattleGround.BattleGround up for play (max tick rate 0) at 2017.02.27-14.49.34
[2017.02.27-19.49.34:591][312]LogWorld: Bringing up level for play took: 0.003579
[2017.02.27-19.49.34:594][312]PIE: Info Play in editor start time for /Game/UEDPIE_0_BattleGround 0.621
[2017.02.27-19.58.31:686][512]LogSlate: Only BGRA pngs, bmps or icos are supported in by External Image Picker
[2017.02.27-19.58.31:777][514]LogTemp:Display: Executing iPhonePackager certificates Engine -bundlename com.YourCompany.BattleTank

[2017.02.27-19.58.31:777][514]LogTemp:Display: CWD: C:\Program Files\Epic Games\UE_4.15\Engine\Binaries\DotNET\IOS

[2017.02.27-19.58.31:777][514]LogTemp:Display: Initial Dir: C:\Program Files\Epic Games\UE_4.15

[2017.02.27-19.58.31:777][514]LogTemp:Display: Env CWD: C:\Program Files\Epic Games\UE_4.15\Engine\Binaries\DotNET\IOS

[2017.02.27-19.58.31:782][514]LogTemp:Display: BranchPath = ZIGGY-PC/C/Program Files/Epic Games/UE_4.15/Engine/Binaries --- GameBranchPath = ZIGGY-PC/C/Program Files/Epic Games/UE_4.15/Engine/Binaries

[2017.02.27-19.58.31:814][515]LogTemp:Display: MATCHED-Provision:,File:,Cert:

[2017.02.27-20.14.46:352][319]BlueprintLog: New page: Compile Tank_BP
[2017.02.27-20.14.47:150][362]Cmd: OBJ SAVEPACKAGE PACKAGE="/Game/Tank_BP" FILE="../../../../../../Users/Ziggy/Documents/SourceTreeRepositories/BattleTankProject/BattleTank/Content/Tank_BP.uasset" SILENT=true
[2017.02.27-20.14.47:191][362]LogSavePackage: Save=30.25ms
[2017.02.27-20.14.47:191][362]LogSavePackage: Moving '../../../../../../Users/Ziggy/Documents/SourceTreeRepositories/BattleTankProject/BattleTank/Saved/Tank_BPEC1C6B4C4808A4C732AAD1A4840757E6.tmp' to '../../../../../../Users/Ziggy/Documents/SourceTreeRepositories/BattleTankProject/BattleTank/Content/Tank_BP.uasset'
[2017.02.27-20.14.47:194][362]LogSavePackage:Display: Finished SavePackage ../../../../../../Users/Ziggy/Documents/SourceTreeRepositories/BattleTankProject/BattleTank/Content/Tank_BP.uasset
[2017.02.27-20.14.53:009][ 36]LogTemp: Repeting last play command: Selected Viewport
[2017.02.27-20.14.53:023][ 36]LogPlayLevel: PlayLevel: No blueprints needed recompiling
[2017.02.27-20.14.53:024][ 36]PIE: New page: PIE session: BattleGround (Feb 27, 2017, 10:14:53 AM)
[2017.02.27-20.14.53:024][ 36]LogPlayLevel: Creating play world package: /Game/UEDPIE_0_BattleGround
[2017.02.27-20.14.53:100][ 36]LogPlayLevel: PIE: StaticDuplicateObject took: (0.076787s)
[2017.02.27-20.14.53:101][ 36]LogAIModule: Creating AISystem for world BattleGround
[2017.02.27-20.14.53:101][ 36]LogPlayLevel: PIE: World Init took: (0.000847s)
[2017.02.27-20.14.53:102][ 36]LogPlayLevel: PIE: Created PIE world by copying editor world from /Game/BattleGround.BattleGround to /Game/UEDPIE_0_BattleGround.BattleGround (0.077891s)
[2017.02.27-20.14.53:125][ 36]LogInit: XAudio2 using 'Speakers (Realtek High Definition Audio)' : 2 channels at 48 kHz using 16 bits per sample (channel mask 0x3)
[2017.02.27-20.14.53:163][ 36]LogInit: FAudioDevice initialized.
[2017.02.27-20.14.53:198][ 36]LogLoad: Game class is 'BattleTankGameMode_BP_C'
[2017.02.27-20.14.53:202][ 36]LogWorld: Bringing World /Game/UEDPIE_0_BattleGround.BattleGround up for play (max tick rate 0) at 2017.02.27-15.14.53
[2017.02.27-20.14.53:202][ 36]LogWorld: Bringing up level for play took: 0.003101
[2017.02.27-20.14.53:206][ 36]PIE: Info Play in editor start time for /Game/UEDPIE_0_BattleGround -0.767
[2017.02.27-20.14.58:142][610]LogRenderer: Reallocating scene render targets to support 1144x912 NumSamples 1 (Frame:144435).
[2017.02.27-20.15.16:878][841]BlueprintLog: New page: Compile Tank_BP
[2017.02.27-20.15.17:880][924]Cmd: OBJ SAVEPACKAGE PACKAGE="/Game/Tank_BP" FILE="../../../../../../Users/Ziggy/Documents/SourceTreeRepositories/BattleTankProject/BattleTank/Content/Tank_BP.uasset" SILENT=true
[2017.02.27-20.15.17:916][924]LogSavePackage: Save=28.57ms
[2017.02.27-20.15.17:916][924]LogSavePackage: Moving '../../../../../../Users/Ziggy/Documents/SourceTreeRepositories/BattleTankProject/BattleTank/Saved/Tank_BP63775AD14CC0E629EA814A96C73D1809.tmp' to '../../../../../../Users/Ziggy/Documents/SourceTreeRepositories/BattleTankProject/BattleTank/Content/Tank_BP.uasset'
[2017.02.27-20.15.17:919][924]LogSavePackage:Display: Finished SavePackage ../../../../../../Users/Ziggy/Documents/SourceTreeRepositories/BattleTankProject/BattleTank/Content/Tank_BP.uasset
[2017.02.27-20.15.21:362][311]LogTemp: Repeting last play command: Selected Viewport
[2017.02.27-20.15.21:382][311]LogPlayLevel: PlayLevel: No blueprints needed recompiling
[2017.02.27-20.15.21:382][311]PIE: New page: PIE session: BattleGround (Feb 27, 2017, 10:15:21 AM)
[2017.02.27-20.15.21:382][311]LogPlayLevel: Creating play world package: /Game/UEDPIE_0_BattleGround
[2017.02.27-20.15.21:479][311]LogPlayLevel: PIE: StaticDuplicateObject took: (0.096874s)
[2017.02.27-20.15.21:480][311]LogAIModule: Creating AISystem for world BattleGround
[2017.02.27-20.15.21:480][311]LogPlayLevel: PIE: World Init took: (0.000934s)
[2017.02.27-20.15.21:480][311]LogPlayLevel: PIE: Created PIE world by copying editor world from /Game/BattleGround.BattleGround to /Game/UEDPIE_0_BattleGround.BattleGround (0.098118s)
[2017.02.27-20.15.21:513][311]LogInit: XAudio2 using 'Speakers (Realtek High Definition Audio)' : 2 channels at 48 kHz using 16 bits per sample (channel mask 0x3)
[2017.02.27-20.15.21:574][311]LogInit: FAudioDevice initialized.
[2017.02.27-20.15.21:605][311]LogLoad: Game class is 'BattleTankGameMode_BP_C'
[2017.02.27-20.15.21:611][311]LogWorld: Bringing World /Game/UEDPIE_0_BattleGround.BattleGround up for play (max tick rate 0) at 2017.02.27-15.15.21
[2017.02.27-20.15.21:611][311]LogWorld: Bringing up level for play took: 0.004903
[2017.02.27-20.15.21:616][311]PIE: Info Play in editor start time for /Game/UEDPIE_0_BattleGround -0.357
[2017.02.27-20.15.47:426][304]BlueprintLog: New page: Compile Tank_BP
[2017.02.27-20.15.48:147][348]Cmd: OBJ SAVEPACKAGE PACKAGE="/Game/Tank_BP" FILE="../../../../../../Users/Ziggy/Documents/SourceTreeRepositories/BattleTankProject/BattleTank/Content/Tank_BP.uasset" SILENT=true
[2017.02.27-20.15.48:187][348]LogSavePackage: Save=32.84ms
[2017.02.27-20.15.48:187][348]LogSavePackage: Moving '../../../../../../Users/Ziggy/Documents/SourceTreeRepositories/BattleTankProject/BattleTank/Saved/Tank_BPC88663B9462C02D18D1E13A7B73C0D1A.tmp' to '../../../../../../Users/Ziggy/Documents/SourceTreeRepositories/BattleTankProject/BattleTank/Content/Tank_BP.uasset'
[2017.02.27-20.15.48:192][348]LogSavePackage:Display: Finished SavePackage ../../../../../../Users/Ziggy/Documents/SourceTreeRepositories/BattleTankProject/BattleTank/Content/Tank_BP.uasset
[2017.02.27-20.15.54:249][ 62]LogTemp: Repeting last play command: Selected Viewport
[2017.02.27-20.15.54:271][ 62]LogPlayLevel: PlayLevel: No blueprints needed recompiling
[2017.02.27-20.15.54:271][ 62]PIE: New page: PIE session: BattleGround (Feb 27, 2017, 10:15:54 AM)
[2017.02.27-20.15.54:271][ 62]LogPlayLevel: Creating play world package: /Game/UEDPIE_0_BattleGround
[2017.02.27-20.15.54:370][ 62]LogPlayLevel: PIE: StaticDuplicateObject took: (0.099039s)
[2017.02.27-20.15.54:371][ 62]LogAIModule: Creating AISystem for world BattleGround
[2017.02.27-20.15.54:371][ 62]LogPlayLevel: PIE: World Init took: (0.000871s)
[2017.02.27-20.15.54:372][ 62]LogPlayLevel: PIE: Created PIE world by copying editor world from /Game/BattleGround.BattleGround to /Game/UEDPIE_0_BattleGround.BattleGround (0.100219s)
[2017.02.27-20.15.54:406][ 62]LogInit: XAudio2 using 'Speakers (Realtek High Definition Audio)' : 2 channels at 48 kHz using 16 bits per sample (channel mask 0x3)
[2017.02.27-20.15.54:454][ 62]LogInit: FAudioDevice initialized.
[2017.02.27-20.15.54:505][ 62]LogLoad: Game class is 'BattleTankGameMode_BP_C'
[2017.02.27-20.15.54:512][ 62]LogWorld: Bringing World /Game/UEDPIE_0_BattleGround.BattleGround up for play (max tick rate 0) at 2017.02.27-15.15.54
[2017.02.27-20.15.54:512][ 62]LogWorld: Bringing up level for play took: 0.005500
[2017.02.27-20.15.54:519][ 62]PIE: Info Play in editor start time for /Game/UEDPIE_0_BattleGround 0.546
[2017.02.27-20.17.24:025][255]LogFileHelpers: Editor autosave (incl. sublevels) for '/Game/BattleGround' took 0.015
[2017.02.27-20.17.24:027][255]OBJ SavePackage: Generating thumbnails for [1] asset(s) in package [/Game/Tank_BP] ([1] browsable assets)...
[2017.02.27-20.17.24:048][255]OBJ SavePackage:     Rendered thumbnail for [Blueprint /Game/Tank_BP.Tank_BP]
[2017.02.27-20.17.24:048][255]OBJ SavePackage: Finished generating thumbnails for package [/Game/Tank_BP]
[2017.02.27-20.17.24:087][255]LogSavePackage: Save=31.76ms
[2017.02.27-20.17.24:087][255]LogSavePackage: Moving '../../../../../../Users/Ziggy/Documents/SourceTreeRepositories/BattleTankProject/BattleTank/Saved/Tank_BP_Auto164F375574600A1FD53E49083F0BC98FB.tmp' to '../../../../../../Users/Ziggy/Documents/SourceTreeRepositories/BattleTankProject/BattleTank/Saved/Autosaves/Game/Tank_BP_Auto1.uasset'
[2017.02.27-20.17.24:089][255]LogSavePackage:Display: Finished SavePackage ../../../../../../Users/Ziggy/Documents/SourceTreeRepositories/BattleTankProject/BattleTank/Saved/Autosaves/Game/Tank_BP_Auto1.uasset
[2017.02.27-20.17.24:089][255]LogFileHelpers: Auto-saving content packages took 0.063
[2017.02.27-20.18.23:093][300]BlueprintLog: New page: Compile Tank_BP
[2017.02.27-20.18.25:829][581]Cmd: OBJ SAVEPACKAGE PACKAGE="/Game/Tank_BP" FILE="../../../../../../Users/Ziggy/Documents/SourceTreeRepositories/BattleTankProject/BattleTank/Content/Tank_BP.uasset" SILENT=true
[2017.02.27-20.18.25:868][581]LogSavePackage: Save=31.46ms
[2017.02.27-20.18.25:868][581]LogSavePackage: Moving '../../../../../../Users/Ziggy/Documents/SourceTreeRepositories/BattleTankProject/BattleTank/Saved/Tank_BP63E0961C4CF0BFB54D107294CEA1BA57.tmp' to '../../../../../../Users/Ziggy/Documents/SourceTreeRepositories/BattleTankProject/BattleTank/Content/Tank_BP.uasset'
[2017.02.27-20.18.25:871][581]LogSavePackage:Display: Finished SavePackage ../../../../../../Users/Ziggy/Documents/SourceTreeRepositories/BattleTankProject/BattleTank/Content/Tank_BP.uasset
[2017.02.27-20.19.29:315][328]BlueprintLog: New page: Compile Tank_BP
[2017.02.27-20.19.30:123][379]Cmd: OBJ SAVEPACKAGE PACKAGE="/Game/Tank_BP" FILE="../../../../../../Users/Ziggy/Documents/SourceTreeRepositories/BattleTankProject/BattleTank/Content/Tank_BP.uasset" SILENT=true
[2017.02.27-20.19.30:162][379]LogSavePackage: Save=30.57ms
[2017.02.27-20.19.30:162][379]LogSavePackage: Moving '../../../../../../Users/Ziggy/Documents/SourceTreeRepositories/BattleTankProject/BattleTank/Saved/Tank_BP66C937F74F078A1CD2134791FF8F5D46.tmp' to '../../../../../../Users/Ziggy/Documents/SourceTreeRepositories/BattleTankProject/BattleTank/Content/Tank_BP.uasset'
[2017.02.27-20.19.30:165][379]LogSavePackage:Display: Finished SavePackage ../../../../../../Users/Ziggy/Documents/SourceTreeRepositories/BattleTankProject/BattleTank/Content/Tank_BP.uasset
[2017.02.27-20.21.46:602][466]BlueprintLog: New page: Compile Tank_BP
[2017.02.27-20.21.47:262][524]Cmd: OBJ SAVEPACKAGE PACKAGE="/Game/Tank_BP" FILE="../../../../../../Users/Ziggy/Documents/SourceTreeRepositories/BattleTankProject/BattleTank/Content/Tank_BP.uasset" SILENT=true
[2017.02.27-20.21.47:307][524]LogSavePackage: Save=35.23ms
[2017.02.27-20.21.47:307][524]LogSavePackage: Moving '../../../../../../Users/Ziggy/Documents/SourceTreeRepositories/BattleTankProject/BattleTank/Saved/Tank_BP36028B31480AA71CA9B4FA93CB49D9A5.tmp' to '../../../../../../Users/Ziggy/Documents/SourceTreeRepositories/BattleTankProject/BattleTank/Content/Tank_BP.uasset'
[2017.02.27-20.21.47:309][524]LogSavePackage:Display: Finished SavePackage ../../../../../../Users/Ziggy/Documents/SourceTreeRepositories/BattleTankProject/BattleTank/Content/Tank_BP.uasset
[2017.02.27-20.22.05:506][678]BlueprintLog: New page: Compile Tank_BP
[2017.02.27-20.22.08:221][979]Cmd: OBJ SAVEPACKAGE PACKAGE="/Game/Tank_BP" FILE="../../../../../../Users/Ziggy/Documents/SourceTreeRepositories/BattleTankProject/BattleTank/Content/Tank_BP.uasset" SILENT=true
[2017.02.27-20.22.08:264][979]LogSavePackage: Save=34.08ms
[2017.02.27-20.22.08:264][979]LogSavePackage: Moving '../../../../../../Users/Ziggy/Documents/SourceTreeRepositories/BattleTankProject/BattleTank/Saved/Tank_BP494B5D4343F02BD6DADAA1B48B318D5F.tmp' to '../../../../../../Users/Ziggy/Documents/SourceTreeRepositories/BattleTankProject/BattleTank/Content/Tank_BP.uasset'
[2017.02.27-20.22.08:267][979]LogSavePackage:Display: Finished SavePackage ../../../../../../Users/Ziggy/Documents/SourceTreeRepositories/BattleTankProject/BattleTank/Content/Tank_BP.uasset
[2017.02.27-20.22.09:659][143]LogTemp: Repeting last play command: Selected Viewport
[2017.02.27-20.22.09:672][143]LogPlayLevel: PlayLevel: No blueprints needed recompiling
[2017.02.27-20.22.09:672][143]PIE: New page: PIE session: BattleGround (Feb 27, 2017, 10:22:09 AM)
[2017.02.27-20.22.09:672][143]LogPlayLevel: Creating play world package: /Game/UEDPIE_0_BattleGround
[2017.02.27-20.22.09:749][143]LogPlayLevel: PIE: StaticDuplicateObject took: (0.077430s)
[2017.02.27-20.22.09:750][143]LogAIModule: Creating AISystem for world BattleGround
[2017.02.27-20.22.09:751][143]LogPlayLevel: PIE: World Init took: (0.000962s)
[2017.02.27-20.22.09:751][143]LogPlayLevel: PIE: Created PIE world by copying editor world from /Game/BattleGround.BattleGround to /Game/UEDPIE_0_BattleGround.BattleGround (0.078679s)
[2017.02.27-20.22.09:774][143]LogInit: XAudio2 using 'Speakers (Realtek High Definition Audio)' : 2 channels at 48 kHz using 16 bits per sample (channel mask 0x3)
[2017.02.27-20.22.09:813][143]LogInit: FAudioDevice initialized.
[2017.02.27-20.22.09:845][143]LogLoad: Game class is 'BattleTankGameMode_BP_C'
[2017.02.27-20.22.09:851][143]LogWorld: Bringing World /Game/UEDPIE_0_BattleGround.BattleGround up for play (max tick rate 0) at 2017.02.27-15.22.09
[2017.02.27-20.22.09:852][143]LogWorld: Bringing up level for play took: 0.005072
[2017.02.27-20.22.09:855][143]PIE: Info Play in editor start time for /Game/UEDPIE_0_BattleGround -0.118
[2017.02.27-20.22.54:749][332]BlueprintLog: New page: Compile Tank_BP
[2017.02.27-20.22.55:441][392]Cmd: OBJ SAVEPACKAGE PACKAGE="/Game/Tank_BP" FILE="../../../../../../Users/Ziggy/Documents/SourceTreeRepositories/BattleTankProject/BattleTank/Content/Tank_BP.uasset" SILENT=true
[2017.02.27-20.22.55:485][392]LogSavePackage: Save=36.98ms
[2017.02.27-20.22.55:485][392]LogSavePackage: Moving '../../../../../../Users/Ziggy/Documents/SourceTreeRepositories/BattleTankProject/BattleTank/Saved/Tank_BP53D78A5E490DC0ED3DE846BA3E56A476.tmp' to '../../../../../../Users/Ziggy/Documents/SourceTreeRepositories/BattleTankProject/BattleTank/Content/Tank_BP.uasset'
[2017.02.27-20.22.55:489][392]LogSavePackage:Display: Finished SavePackage ../../../../../../Users/Ziggy/Documents/SourceTreeRepositories/BattleTankProject/BattleTank/Content/Tank_BP.uasset
[2017.02.27-20.22.58:525][749]LogTemp: Repeting last play command: Selected Viewport
[2017.02.27-20.22.58:541][749]LogPlayLevel: PlayLevel: No blueprints needed recompiling
[2017.02.27-20.22.58:541][749]PIE: New page: PIE session: BattleGround (Feb 27, 2017, 10:22:58 AM)
[2017.02.27-20.22.58:541][749]LogPlayLevel: Creating play world package: /Game/UEDPIE_0_BattleGround
[2017.02.27-20.22.58:638][749]LogPlayLevel: PIE: StaticDuplicateObject took: (0.097323s)
[2017.02.27-20.22.58:639][749]LogAIModule: Creating AISystem for world BattleGround
[2017.02.27-20.22.58:639][749]LogPlayLevel: PIE: World Init took: (0.001026s)
[2017.02.27-20.22.58:640][749]LogPlayLevel: PIE: Created PIE world by copying editor world from /Game/BattleGround.BattleGround to /Game/UEDPIE_0_BattleGround.BattleGround (0.098696s)
[2017.02.27-20.22.58:680][749]LogInit: XAudio2 using 'Speakers (Realtek High Definition Audio)' : 2 channels at 48 kHz using 16 bits per sample (channel mask 0x3)
[2017.02.27-20.22.58:732][749]LogInit: FAudioDevice initialized.
[2017.02.27-20.22.58:766][749]LogLoad: Game class is 'BattleTankGameMode_BP_C'
[2017.02.27-20.22.58:773][749]LogWorld: Bringing World /Game/UEDPIE_0_BattleGround.BattleGround up for play (max tick rate 0) at 2017.02.27-15.22.58
[2017.02.27-20.22.58:773][749]LogWorld: Bringing up level for play took: 0.005406
[2017.02.27-20.22.58:778][749]PIE: Info Play in editor start time for /Game/UEDPIE_0_BattleGround 0.805
[2017.02.27-20.23.14:561][530]BlueprintLog: New page: Compile Tank_BP
[2017.02.27-20.23.15:152][575]Cmd: OBJ SAVEPACKAGE PACKAGE="/Game/Tank_BP" FILE="../../../../../../Users/Ziggy/Documents/SourceTreeRepositories/BattleTankProject/BattleTank/Content/Tank_BP.uasset" SILENT=true
[2017.02.27-20.23.15:197][575]LogSavePackage: Save=36.94ms
[2017.02.27-20.23.15:197][575]LogSavePackage: Moving '../../../../../../Users/Ziggy/Documents/SourceTreeRepositories/BattleTankProject/BattleTank/Saved/Tank_BP51AD17BF4F1D0EBDC319959B87503724.tmp' to '../../../../../../Users/Ziggy/Documents/SourceTreeRepositories/BattleTankProject/BattleTank/Content/Tank_BP.uasset'
[2017.02.27-20.23.15:200][575]LogSavePackage:Display: Finished SavePackage ../../../../../../Users/Ziggy/Documents/SourceTreeRepositories/BattleTankProject/BattleTank/Content/Tank_BP.uasset
[2017.02.27-20.23.18:247][915]LogTemp: Repeting last play command: Selected Viewport
[2017.02.27-20.23.18:267][915]LogPlayLevel: PlayLevel: No blueprints needed recompiling
[2017.02.27-20.23.18:267][915]PIE: New page: PIE session: BattleGround (Feb 27, 2017, 10:23:18 AM)
[2017.02.27-20.23.18:267][915]LogPlayLevel: Creating play world package: /Game/UEDPIE_0_BattleGround
[2017.02.27-20.23.18:363][915]LogPlayLevel: PIE: StaticDuplicateObject took: (0.095678s)
[2017.02.27-20.23.18:365][915]LogAIModule: Creating AISystem for world BattleGround
[2017.02.27-20.23.18:367][915]LogPlayLevel: PIE: World Init took: (0.003230s)
[2017.02.27-20.23.18:367][915]LogPlayLevel: PIE: Created PIE world by copying editor world from /Game/BattleGround.BattleGround to /Game/UEDPIE_0_BattleGround.BattleGround (0.099274s)
[2017.02.27-20.23.18:401][915]LogInit: XAudio2 using 'Speakers (Realtek High Definition Audio)' : 2 channels at 48 kHz using 16 bits per sample (channel mask 0x3)
[2017.02.27-20.23.18:455][915]LogInit: FAudioDevice initialized.
[2017.02.27-20.23.18:486][915]LogLoad: Game class is 'BattleTankGameMode_BP_C'
[2017.02.27-20.23.18:493][915]LogWorld: Bringing World /Game/UEDPIE_0_BattleGround.BattleGround up for play (max tick rate 0) at 2017.02.27-15.23.18
[2017.02.27-20.23.18:493][915]LogWorld: Bringing up level for play took: 0.005175
[2017.02.27-20.23.18:498][915]PIE: Info Play in editor start time for /Game/UEDPIE_0_BattleGround 0.525
[2017.02.27-20.24.07:791][630]BlueprintLog: New page: Compile Tank_BP
[2017.02.27-20.24.08:321][664]Cmd: OBJ SAVEPACKAGE PACKAGE="/Game/Tank_BP" FILE="../../../../../../Users/Ziggy/Documents/SourceTreeRepositories/BattleTankProject/BattleTank/Content/Tank_BP.uasset" SILENT=true
[2017.02.27-20.24.08:367][664]LogSavePackage: Save=37.93ms
[2017.02.27-20.24.08:367][664]LogSavePackage: Moving '../../../../../../Users/Ziggy/Documents/SourceTreeRepositories/BattleTankProject/BattleTank/Saved/Tank_BP0560739A4983F86479DDEEA4F18A85F3.tmp' to '../../../../../../Users/Ziggy/Documents/SourceTreeRepositories/BattleTankProject/BattleTank/Content/Tank_BP.uasset'
[2017.02.27-20.24.08:370][664]LogSavePackage:Display: Finished SavePackage ../../../../../../Users/Ziggy/Documents/SourceTreeRepositories/BattleTankProject/BattleTank/Content/Tank_BP.uasset
[2017.02.27-20.24.10:117][856]LogTemp: Repeting last play command: Selected Viewport
[2017.02.27-20.24.10:131][856]LogPlayLevel: PlayLevel: No blueprints needed recompiling
[2017.02.27-20.24.10:131][856]PIE: New page: PIE session: BattleGround (Feb 27, 2017, 10:24:10 AM)
[2017.02.27-20.24.10:131][856]LogPlayLevel: Creating play world package: /Game/UEDPIE_0_BattleGround
[2017.02.27-20.24.10:212][856]LogPlayLevel: PIE: StaticDuplicateObject took: (0.080559s)
[2017.02.27-20.24.10:212][856]LogAIModule: Creating AISystem for world BattleGround
[2017.02.27-20.24.10:212][856]LogPlayLevel: PIE: World Init took: (0.000814s)
[2017.02.27-20.24.10:213][856]LogPlayLevel: PIE: Created PIE world by copying editor world from /Game/BattleGround.BattleGround to /Game/UEDPIE_0_BattleGround.BattleGround (0.081678s)
[2017.02.27-20.24.10:236][856]LogInit: XAudio2 using 'Speakers (Realtek High Definition Audio)' : 2 channels at 48 kHz using 16 bits per sample (channel mask 0x3)
[2017.02.27-20.24.10:284][856]LogInit: FAudioDevice initialized.
[2017.02.27-20.24.10:317][856]LogLoad: Game class is 'BattleTankGameMode_BP_C'
[2017.02.27-20.24.10:322][856]LogWorld: Bringing World /Game/UEDPIE_0_BattleGround.BattleGround up for play (max tick rate 0) at 2017.02.27-15.24.10
[2017.02.27-20.24.10:323][856]LogWorld: Bringing up level for play took: 0.004310
[2017.02.27-20.24.10:326][856]PIE: Info Play in editor start time for /Game/UEDPIE_0_BattleGround 0.354
[2017.02.27-20.25.32:393][559]BlueprintLog: New page: Compile Tank_BP
[2017.02.27-20.25.33:118][594]Cmd: OBJ SAVEPACKAGE PACKAGE="/Game/Tank_BP" FILE="../../../../../../Users/Ziggy/Documents/SourceTreeRepositories/BattleTankProject/BattleTank/Content/Tank_BP.uasset" SILENT=true
[2017.02.27-20.25.33:169][594]LogSavePackage: Save=41.76ms
[2017.02.27-20.25.33:169][594]LogSavePackage: Moving '../../../../../../Users/Ziggy/Documents/SourceTreeRepositories/BattleTankProject/BattleTank/Saved/Tank_BPF22242F34FBD63B6C08CCFBE876DD950.tmp' to '../../../../../../Users/Ziggy/Documents/SourceTreeRepositories/BattleTankProject/BattleTank/Content/Tank_BP.uasset'
[2017.02.27-20.25.33:173][594]LogSavePackage:Display: Finished SavePackage ../../../../../../Users/Ziggy/Documents/SourceTreeRepositories/BattleTankProject/BattleTank/Content/Tank_BP.uasset
[2017.02.27-20.27.27:696][679]BlueprintLog: New page: Compile Tank_BP
[2017.02.27-20.27.28:290][724]Cmd: OBJ SAVEPACKAGE PACKAGE="/Game/Tank_BP" FILE="../../../../../../Users/Ziggy/Documents/SourceTreeRepositories/BattleTankProject/BattleTank/Content/Tank_BP.uasset" SILENT=true
[2017.02.27-20.27.28:339][724]LogSavePackage: Save=40.11ms
[2017.02.27-20.27.28:339][724]LogSavePackage: Moving '../../../../../../Users/Ziggy/Documents/SourceTreeRepositories/BattleTankProject/BattleTank/Saved/Tank_BP90971BF341DF1AF6A60F30B42A450E20.tmp' to '../../../../../../Users/Ziggy/Documents/SourceTreeRepositories/BattleTankProject/BattleTank/Content/Tank_BP.uasset'
[2017.02.27-20.27.28:342][724]LogSavePackage:Display: Finished SavePackage ../../../../../../Users/Ziggy/Documents/SourceTreeRepositories/BattleTankProject/BattleTank/Content/Tank_BP.uasset
[2017.02.27-20.27.31:634][ 88]LogTemp: Repeting last play command: Selected Viewport
[2017.02.27-20.27.31:656][ 88]LogPlayLevel: PlayLevel: No blueprints needed recompiling
[2017.02.27-20.27.31:656][ 88]PIE: New page: PIE session: BattleGround (Feb 27, 2017, 10:27:31 AM)
[2017.02.27-20.27.31:656][ 88]LogPlayLevel: Creating play world package: /Game/UEDPIE_0_BattleGround
[2017.02.27-20.27.31:759][ 88]LogPlayLevel: PIE: StaticDuplicateObject took: (0.102424s)
[2017.02.27-20.27.31:760][ 88]LogAIModule: Creating AISystem for world BattleGround
[2017.02.27-20.27.31:760][ 88]LogPlayLevel: PIE: World Init took: (0.001135s)
[2017.02.27-20.27.31:761][ 88]LogPlayLevel: PIE: Created PIE world by copying editor world from /Game/BattleGround.BattleGround to /Game/UEDPIE_0_BattleGround.BattleGround (0.103982s)
[2017.02.27-20.27.31:797][ 88]LogInit: XAudio2 using 'Speakers (Realtek High Definition Audio)' : 2 channels at 48 kHz using 16 bits per sample (channel mask 0x3)
[2017.02.27-20.27.31:862][ 88]LogInit: FAudioDevice initialized.
[2017.02.27-20.27.31:897][ 88]LogLoad: Game class is 'BattleTankGameMode_BP_C'
[2017.02.27-20.27.31:902][ 88]LogWorld: Bringing World /Game/UEDPIE_0_BattleGround.BattleGround up for play (max tick rate 0) at 2017.02.27-15.27.31
[2017.02.27-20.27.31:902][ 88]LogWorld: Bringing up level for play took: 0.004013
[2017.02.27-20.27.31:905][ 88]PIE: Info Play in editor start time for /Game/UEDPIE_0_BattleGround -0.067
[2017.02.27-20.28.51:104][ 89]LogTemp: Repeting last play command: Selected Viewport
[2017.02.27-20.28.51:120][ 89]LogPlayLevel: PlayLevel: No blueprints needed recompiling
[2017.02.27-20.28.51:121][ 89]PIE: New page: PIE session: BattleGround (Feb 27, 2017, 10:28:51 AM)
[2017.02.27-20.28.51:121][ 89]LogPlayLevel: Creating play world package: /Game/UEDPIE_0_BattleGround
[2017.02.27-20.28.51:205][ 89]LogPlayLevel: PIE: StaticDuplicateObject took: (0.084276s)
[2017.02.27-20.28.51:206][ 89]LogAIModule: Creating AISystem for world BattleGround
[2017.02.27-20.28.51:206][ 89]LogPlayLevel: PIE: World Init took: (0.001054s)
[2017.02.27-20.28.51:206][ 89]LogPlayLevel: PIE: Created PIE world by copying editor world from /Game/BattleGround.BattleGround to /Game/UEDPIE_0_BattleGround.BattleGround (0.085686s)
[2017.02.27-20.28.51:230][ 89]LogInit: XAudio2 using 'Speakers (Realtek High Definition Audio)' : 2 channels at 48 kHz using 16 bits per sample (channel mask 0x3)
[2017.02.27-20.28.51:270][ 89]LogInit: FAudioDevice initialized.
[2017.02.27-20.28.51:300][ 89]LogLoad: Game class is 'BattleTankGameMode_BP_C'
[2017.02.27-20.28.51:304][ 89]LogWorld: Bringing World /Game/UEDPIE_0_BattleGround.BattleGround up for play (max tick rate 0) at 2017.02.27-15.28.51
[2017.02.27-20.28.51:305][ 89]LogWorld: Bringing up level for play took: 0.003355
[2017.02.27-20.28.51:308][ 89]PIE: Info Play in editor start time for /Game/UEDPIE_0_BattleGround -0.665
[2017.02.27-20.28.59:196][752]LogActorComponent: UnregisterComponent: (/Engine/Transient.EditorFloorComp) Not registered. Aborting.
[2017.02.27-20.28.59:263][752]LogWindowsTextInputMethodSystem:Display: IME system now deactivated.
[2017.02.27-20.28.59:499][753]Cmd: QUIT_EDITOR
[2017.02.27-20.29.00:180][753]LogExit: Preparing to exit.
[2017.02.27-20.29.00:589][753]LogDirectoryWatcher: A directory notification for 'C:/Users/Ziggy/Documents/SourceTreeRepositories/BattleTankProject/BattleTank/Content/' was aborted.
[2017.02.27-20.29.00:622][753]LogExit: Editor shut down
[2017.02.27-20.29.00:622][753]LogExit: Transaction tracking system shut down
[2017.02.27-20.29.00:763][753]LogObj: Freed 0b from 0 cluster array pools.
[2017.02.27-20.29.00:763][753]LogExit: Object subsystem successfully closed.
[2017.02.27-20.29.00:783][753]LogD3D11RHI: Shutdown
[2017.02.27-20.29.00:783][753]LogD3D11RHI: CleanupD3DDevice
[2017.02.27-20.29.00:891][753]LogD3D11RHI: ~FD3D11DynamicRHI
[2017.02.27-20.29.00:927][753]LogModuleManager: Shutting down and abandoning module ExternalImagePicker (506)
[2017.02.27-20.29.00:927][753]LogModuleManager: Shutting down and abandoning module MovieSceneCapture (504)
[2017.02.27-20.29.00:927][753]LogModuleManager: Shutting down and abandoning module BlueprintGraph (502)
[2017.02.27-20.29.00:927][753]LogModuleManager: Shutting down and abandoning module BlueprintProfiler (500)
[2017.02.27-20.29.00:927][753]LogModuleManager: Shutting down and abandoning module HierarchicalLODOutliner (498)
[2017.02.27-20.29.00:927][753]LogModuleManager: Shutting down and abandoning module CrashTracker (496)
[2017.02.27-20.29.00:927][753]LogModuleManager: Shutting down and abandoning module SceneOutliner (494)
[2017.02.27-20.29.00:927][753]LogModuleManager: Shutting down and abandoning module AddContentDialog (492)
[2017.02.27-20.29.00:927][753]LogDirectoryWatcher: A directory notification for 'C:/Program Files/Epic Games/UE_4.15/FeaturePacks/' was aborted.
[2017.02.27-20.29.00:928][753]LogModuleManager: Shutting down and abandoning module WidgetCarousel (491)
[2017.02.27-20.29.00:928][753]LogModuleManager: Shutting down and abandoning module EditorWidgets (488)
[2017.02.27-20.29.00:928][753]LogModuleManager: Shutting down and abandoning module CollectionManager (486)
[2017.02.27-20.29.00:928][753]LogDirectoryWatcher: A directory notification for 'C:/Users/Ziggy/Documents/SourceTreeRepositories/BattleTankProject/BattleTank/Content/Collections/' was aborted.
[2017.02.27-20.29.00:928][753]LogDirectoryWatcher: A directory notification for 'C:/Users/Ziggy/Documents/SourceTreeRepositories/BattleTankProject/BattleTank/Content/Developers/Ziggy/Collections/' was aborted.
[2017.02.27-20.29.00:928][753]LogDirectoryWatcher: A directory notification for 'C:/Users/Ziggy/Documents/SourceTreeRepositories/BattleTankProject/BattleTank/Saved/Collections/' was aborted.
[2017.02.27-20.29.00:928][753]LogModuleManager: Shutting down and abandoning module StatsViewer (484)
[2017.02.27-20.29.00:928][753]LogModuleManager: Shutting down and abandoning module FoliageEdit (482)
[2017.02.27-20.29.00:928][753]LogModuleManager: Shutting down and abandoning module LandscapeEditor (480)
[2017.02.27-20.29.00:928][753]LogModuleManager: Shutting down and abandoning module SceneDepthPickerMode (478)
[2017.02.27-20.29.00:928][753]LogModuleManager: Shutting down and abandoning module ActorPickerMode (476)
[2017.02.27-20.29.00:928][753]LogModuleManager: Shutting down and abandoning module GeometryMode (474)
[2017.02.27-20.29.00:928][753]LogModuleManager: Shutting down and abandoning module TextureAlignMode (472)
[2017.02.27-20.29.00:928][753]LogModuleManager: Shutting down and abandoning module BspMode (470)
[2017.02.27-20.29.00:928][753]LogModuleManager: Shutting down and abandoning module HardwareSurvey (468)
[2017.02.27-20.29.00:928][753]LogModuleManager: Shutting down and abandoning module SequenceRecorderSections (466)
[2017.02.27-20.29.00:928][753]LogModuleManager: Shutting down and abandoning module AutomationWorker (464)
[2017.02.27-20.29.00:928][753]LogModuleManager: Shutting down and abandoning module MatineeToLevelSequence (462)
[2017.02.27-20.29.00:928][753]LogModuleManager: Shutting down and abandoning module LevelSequenceEditor (460)
[2017.02.27-20.29.00:928][753]LogModuleManager: Shutting down and abandoning module PlacementMode (459)
[2017.02.27-20.29.00:929][753]LogModuleManager: Shutting down and abandoning module WmfMediaFactory (456)
[2017.02.27-20.29.00:929][753]LogModuleManager: Shutting down and abandoning module WmfMediaEditor (454)
[2017.02.27-20.29.00:929][753]LogModuleManager: Shutting down and abandoning module MfMediaFactory (452)
[2017.02.27-20.29.00:929][753]LogModuleManager: Shutting down and abandoning module MfMediaEditor (450)
[2017.02.27-20.29.00:929][753]LogModuleManager: Shutting down and abandoning module AvfMediaFactory (448)
[2017.02.27-20.29.00:929][753]LogModuleManager: Shutting down and abandoning module AvfMediaEditor (446)
[2017.02.27-20.29.00:929][753]LogModuleManager: Shutting down and abandoning module AndroidMediaFactory (444)
[2017.02.27-20.29.00:929][753]LogModuleManager: Shutting down and abandoning module Media (443)
[2017.02.27-20.29.00:929][753]LogModuleManager: Shutting down and abandoning module AndroidMediaEditor (440)
[2017.02.27-20.29.00:929][753]LogModuleManager: Shutting down and abandoning module CharacterAI (438)
[2017.02.27-20.29.00:929][753]LogModuleManager: Shutting down and abandoning module AudioCapture (436)
[2017.02.27-20.29.00:929][753]LogModuleManager: Shutting down and abandoning module SequenceRecorder (435)
[2017.02.27-20.29.00:929][753]LogModuleManager: Shutting down and abandoning module SmartSnapping (432)
[2017.02.27-20.29.00:929][753]LogModuleManager: Shutting down and abandoning module SessionServices (430)
[2017.02.27-20.29.00:929][753]LogModuleManager: Shutting down and abandoning module ViewportSnapping (428)
[2017.02.27-20.29.00:929][753]LogModuleManager: Shutting down and abandoning module ViewportInteraction (426)
[2017.02.27-20.29.00:929][753]LogModuleManager: Shutting down and abandoning module LogVisualizer (424)
[2017.02.27-20.29.00:929][753]LogModuleManager: Shutting down and abandoning module IntroTutorials (422)
[2017.02.27-20.29.00:929][753]LogModuleManager: Shutting down and abandoning module GameProjectGeneration (421)
[2017.02.27-20.29.00:929][753]LogModuleManager: Shutting down and abandoning module EditorLiveStreaming (418)
[2017.02.27-20.29.00:929][753]LogModuleManager: Shutting down and abandoning module IOSPlatformEditor (416)
[2017.02.27-20.29.00:929][753]LogModuleManager: Shutting down and abandoning module HTML5PlatformEditor (414)
[2017.02.27-20.29.00:929][753]LogModuleManager: Shutting down and abandoning module AndroidPlatformEditor (412)
[2017.02.27-20.29.00:929][753]LogModuleManager: Shutting down and abandoning module AndroidDeviceDetection (411)
[2017.02.27-20.29.01:865][753]LogModuleManager: Shutting down and abandoning module IOSRuntimeSettings (408)
[2017.02.27-20.29.01:865][753]LogModuleManager: Shutting down and abandoning module AndroidRuntimeSettings (406)
[2017.02.27-20.29.01:865][753]LogModuleManager: Shutting down and abandoning module InputBindingEditor (404)
[2017.02.27-20.29.01:865][753]LogModuleManager: Shutting down and abandoning module NiagaraEditor (402)
[2017.02.27-20.29.01:865][753]LogModuleManager: Shutting down and abandoning module MergeActors (400)
[2017.02.27-20.29.01:865][753]LogModuleManager: Shutting down and abandoning module SizeMap (398)
[2017.02.27-20.29.01:865][753]LogModuleManager: Shutting down and abandoning module TreeMap (396)
[2017.02.27-20.29.01:865][753]LogModuleManager: Shutting down and abandoning module ReferenceViewer (394)
[2017.02.27-20.29.01:865][753]LogModuleManager: Shutting down and abandoning module LocalizationDashboard (392)
[2017.02.27-20.29.01:865][753]LogModuleManager: Shutting down and abandoning module LocalizationService (391)
[2017.02.27-20.29.01:865][753]LogModuleManager: Shutting down and abandoning module HardwareTargeting (388)
[2017.02.27-20.29.01:865][753]LogModuleManager: Shutting down and abandoning module DeviceProfileEditor (386)
[2017.02.27-20.29.01:865][753]LogModuleManager: Shutting down and abandoning module UndoHistory (384)
[2017.02.27-20.29.01:865][753]LogModuleManager: Shutting down and abandoning module UserFeedback (382)
[2017.02.27-20.29.01:865][753]LogModuleManager: Shutting down and abandoning module XmlParser (380)
[2017.02.27-20.29.01:865][753]LogModuleManager: Shutting down and abandoning module Blutility (378)
[2017.02.27-20.29.01:865][753]LogModuleManager: Shutting down and abandoning module ProjectSettingsViewer (376)
[2017.02.27-20.29.01:866][753]LogModuleManager: Shutting down and abandoning module ProjectTargetPlatformEditor (375)
[2017.02.27-20.29.01:866][753]LogModuleManager: Shutting down and abandoning module EditorSettingsViewer (372)
[2017.02.27-20.29.01:866][753]LogModuleManager: Shutting down and abandoning module SettingsEditor (370)
[2017.02.27-20.29.01:866][753]LogModuleManager: Shutting down and abandoning module ProjectLauncher (368)
[2017.02.27-20.29.01:866][753]LogModuleManager: Shutting down and abandoning module SessionFrontend (366)
[2017.02.27-20.29.01:866][753]LogModuleManager: Shutting down and abandoning module ProfilerClient (364)
[2017.02.27-20.29.01:866][753]LogModuleManager: Shutting down and abandoning module DeviceManager (362)
[2017.02.27-20.29.01:866][753]LogModuleManager: Shutting down and abandoning module TargetDeviceServices (361)
[2017.02.27-20.29.01:920][753]LogModuleManager: Shutting down and abandoning module AutomationController (358)
[2017.02.27-20.29.01:920][753]LogModuleManager: Shutting down and abandoning module AutomationWindow (356)
[2017.02.27-20.29.01:920][753]LogModuleManager: Shutting down and abandoning module Layers (354)
[2017.02.27-20.29.01:920][753]LogModuleManager: Shutting down and abandoning module ComponentVisualizers (352)
[2017.02.27-20.29.01:920][753]LogModuleManager: Shutting down and abandoning module DetailCustomizations (350)
[2017.02.27-20.29.01:920][753]LogModuleManager: Shutting down and abandoning module PackagesDialog (348)
[2017.02.27-20.29.01:921][753]LogModuleManager: Shutting down and abandoning module Persona (346)
[2017.02.27-20.29.01:921][753]LogModuleManager: Shutting down and abandoning module AnimGraph (345)
[2017.02.27-20.29.01:921][753]LogModuleManager: Shutting down and abandoning module Kismet (342)
[2017.02.27-20.29.01:930][753]LogModuleManager: Shutting down and abandoning module GraphEditor (340)
[2017.02.27-20.29.01:930][753]LogModuleManager: Shutting down and abandoning module ClassViewer (338)
[2017.02.27-20.29.01:932][753]LogModuleManager: Shutting down and abandoning module Toolbox (336)
[2017.02.27-20.29.01:932][753]LogModuleManager: Shutting down and abandoning module ModuleUI (334)
[2017.02.27-20.29.01:932][753]LogModuleManager: Shutting down and abandoning module MovieSceneTools (332)
[2017.02.27-20.29.01:932][753]LogModuleManager: Shutting down and abandoning module OutputLog (330)
[2017.02.27-20.29.01:932][753]LogModuleManager: Shutting down and abandoning module GammaUI (328)
[2017.02.27-20.29.01:932][753]LogModuleManager: Shutting down and abandoning module Documentation (326)
[2017.02.27-20.29.01:932][753]LogModuleManager: Shutting down and abandoning module Niagara (324)
[2017.02.27-20.29.01:932][753]LogModuleManager: Shutting down and abandoning module StreamingPauseRendering (322)
[2017.02.27-20.29.01:932][753]LogModuleManager: Shutting down and abandoning module AnalyticsET (320)
[2017.02.27-20.29.01:932][753]LogModuleManager: Shutting down and abandoning module PortalServices (318)
[2017.02.27-20.29.01:932][753]LogModuleManager: Shutting down and abandoning module PortalRpc (316)
[2017.02.27-20.29.01:932][753]LogModuleManager: Shutting down and abandoning module MessagingRpc (314)
[2017.02.27-20.29.01:932][753]LogModuleManager: Shutting down and abandoning module AIModule (312)
[2017.02.27-20.29.01:932][753]LogModuleManager: Shutting down and abandoning module GameplayDebugger (311)
[2017.02.27-20.29.01:932][753]LogModuleManager: Shutting down and abandoning module AITestSuite (309)
[2017.02.27-20.29.01:932][753]LogModuleManager: Shutting down and abandoning module ProfilerService (306)
[2017.02.27-20.29.02:058][753]LogModuleManager: Shutting down and abandoning module TaskGraph (304)
[2017.02.27-20.29.02:058][753]LogModuleManager: Shutting down and abandoning module SteamVRController (302)
[2017.02.27-20.29.02:058][753]LogModuleManager: Shutting down and abandoning module SteamVR (300)
[2017.02.27-20.29.02:058][753]LogModuleManager: Shutting down and abandoning module ProceduralMeshComponentEditor (298)
[2017.02.27-20.29.02:058][753]LogModuleManager: Shutting down and abandoning module ProceduralMeshComponent (296)
[2017.02.27-20.29.02:058][753]LogModuleManager: Shutting down and abandoning module OculusLibrary (294)
[2017.02.27-20.29.02:058][753]LogModuleManager: Shutting down and abandoning module OculusInput (292)
[2017.02.27-20.29.02:058][753]LogModuleManager: Shutting down and abandoning module MobilePatchingUtils (290)
[2017.02.27-20.29.02:058][753]LogModuleManager: Shutting down and abandoning module CustomMeshComponent (288)
[2017.02.27-20.29.02:058][753]LogModuleManager: Shutting down and abandoning module CableComponent (286)
[2017.02.27-20.29.02:058][753]LogModuleManager: Shutting down and abandoning module ArchVisCharacter (284)
[2017.02.27-20.29.02:058][753]LogModuleManager: Shutting down and abandoning module MediaPlayerEditor (280)
[2017.02.27-20.29.02:058][753]LogModuleManager: Shutting down and abandoning module HTML5Networking (278)
[2017.02.27-20.29.02:058][753]LogModuleManager: Shutting down and abandoning module AlembicImporter (276)
[2017.02.27-20.29.02:058][753]LogModuleManager: Shutting down and abandoning module AlembicLibrary (275)
[2017.02.27-20.29.02:058][753]LogModuleManager: Shutting down and abandoning module GeometryCache (274)
[2017.02.27-20.29.02:058][753]LogModuleManager: Shutting down and abandoning module GeometryCacheEd (273)
[2017.02.27-20.29.02:058][753]LogModuleManager: Shutting down and abandoning module SuperSearchEditor (268)
[2017.02.27-20.29.02:058][753]LogModuleManager: Shutting down and abandoning module SuperSearch (267)
[2017.02.27-20.29.02:058][753]LogModuleManager: Shutting down and abandoning module SpeedTreeImporter (264)
[2017.02.27-20.29.02:058][753]LogModuleManager: Shutting down and abandoning module PluginBrowser (262)
[2017.02.27-20.29.02:058][753]LogModuleManager: Shutting down and abandoning module MobileLauncherProfileWizard (260)
[2017.02.27-20.29.02:058][753]LogModuleManager: Shutting down and abandoning module EpicSurvey (258)
[2017.02.27-20.29.02:058][753]LogModuleManager: Shutting down and abandoning module VisualStudioSourceCodeAccess (256)
[2017.02.27-20.29.02:058][753]LogModuleManager: Shutting down and abandoning module DesktopPlatform (255)
[2017.02.27-20.29.02:058][753]LogModuleManager: Shutting down and abandoning module UObjectPlugin (252)
[2017.02.27-20.29.02:058][753]LogModuleManager: Shutting down and abandoning module SubversionSourceControl (250)
[2017.02.27-20.29.02:058][753]LogModuleManager: Shutting down and abandoning module PerforceSourceControl (248)
[2017.02.27-20.29.02:058][753]LogModuleManager: Shutting down and abandoning module GitSourceControl (246)
[2017.02.27-20.29.02:058][753]LogModuleManager: Shutting down and abandoning module SourceControl (245)
[2017.02.27-20.29.02:058][753]LogModuleManager: Shutting down and abandoning module LightPropagationVolumeEditor (242)
[2017.02.27-20.29.02:058][753]LogModuleManager: Shutting down and abandoning module PaperTiledImporter (240)
[2017.02.27-20.29.02:058][753]LogModuleManager: Shutting down and abandoning module PaperSpriteSheetImporter (238)
[2017.02.27-20.29.02:058][753]LogModuleManager: Shutting down and abandoning module Paper2DEditor (236)
[2017.02.27-20.29.02:058][753]LogModuleManager: Shutting down and abandoning module MeshPaint (235)
[2017.02.27-20.29.02:058][753]LogModuleManager: Shutting down and abandoning module LevelEditor (233)
[2017.02.27-20.29.02:059][753]LogModuleManager: Shutting down and abandoning module PixelInspectorModule (232)
[2017.02.27-20.29.02:059][753]LogModuleManager: Shutting down and abandoning module MainFrame (230)
[2017.02.27-20.29.02:059][753]LogModuleManager: Shutting down and abandoning module HotReload (229)
[2017.02.27-20.29.02:059][753]LogDirectoryWatcher: A directory notification for 'C:/Users/Ziggy/Documents/SourceTreeRepositories/BattleTankProject/BattleTank/Binaries/Win64' was aborted.
[2017.02.27-20.29.02:060][753]LogModuleManager: Shutting down and abandoning module ContentBrowser (225)
[2017.02.27-20.29.02:060][753]LogModuleManager: Shutting down and abandoning module BattleTank (222)
[2017.02.27-20.29.02:060][753]LogModuleManager: Shutting down and abandoning module PhysXVehiclesEditor (220)
[2017.02.27-20.29.02:060][753]LogModuleManager: Shutting down and abandoning module PhysXVehicles (218)
[2017.02.27-20.29.02:060][753]LogModuleManager: Shutting down and abandoning module LocationServicesBPLibrary (216)
[2017.02.27-20.29.02:060][753]LogModuleManager: Shutting down and abandoning module UdpMessaging (214)
[2017.02.27-20.29.02:161][753]LogModuleManager: Shutting down and abandoning module TcpMessaging (212)
[2017.02.27-20.29.02:261][753]LogModuleManager: Shutting down and abandoning module GameplayTagsEditor (210)
[2017.02.27-20.29.02:261][753]LogModuleManager: Shutting down and abandoning module FacialAnimationEditor (208)
[2017.02.27-20.29.02:261][753]LogModuleManager: Shutting down and abandoning module FacialAnimation (206)
[2017.02.27-20.29.02:261][753]LogModuleManager: Shutting down and abandoning module LightPropagationVolumeRuntime (204)
[2017.02.27-20.29.02:261][753]LogModuleManager: Shutting down and abandoning module Paper2D (202)
[2017.02.27-20.29.02:261][753]LogModuleManager: Shutting down and abandoning module WindowsMoviePlayer (200)
[2017.02.27-20.29.02:261][753]LogModuleManager: Shutting down and abandoning module WmfMedia (198)
[2017.02.27-20.29.02:261][753]LogModuleManager: Shutting down and abandoning module MfMedia (196)
[2017.02.27-20.29.02:261][753]LogModuleManager: Shutting down and abandoning module MediaAssets (194)
[2017.02.27-20.29.02:261][753]LogModuleManager: Shutting down and abandoning module GameLiveStreaming (192)
[2017.02.27-20.29.02:261][753]LogModuleManager: Shutting down and abandoning module VREditor (190)
[2017.02.27-20.29.02:261][753]LogModuleManager: Shutting down and abandoning module GameplayTasksEditor (188)
[2017.02.27-20.29.02:261][753]LogModuleManager: Shutting down and abandoning module BehaviorTreeEditor (186)
[2017.02.27-20.29.02:261][753]LogModuleManager: Shutting down and abandoning module FunctionalTesting (184)
[2017.02.27-20.29.02:262][753]LogModuleManager: Shutting down and abandoning module CollisionAnalyzer (182)
[2017.02.27-20.29.02:262][753]LogModuleManager: Shutting down and abandoning module UMG (180)
[2017.02.27-20.29.02:262][753]LogModuleManager: Shutting down and abandoning module UMGEditor (179)
[2017.02.27-20.29.02:262][753]LogModuleManager: Shutting down and abandoning module Sequencer (178)
[2017.02.27-20.29.02:262][753]LogModuleManager: Shutting down and abandoning module AssetTools (176)
[2017.02.27-20.29.02:262][753]LogModuleManager: Shutting down and abandoning module MessageLog (175)
[2017.02.27-20.29.02:262][753]LogModuleManager: Shutting down and abandoning module WorkspaceMenuStructure (174)
[2017.02.27-20.29.02:262][753]LogModuleManager: Shutting down and abandoning module SlateReflector (168)
[2017.02.27-20.29.02:262][753]LogModuleManager: Shutting down and abandoning module Slate (166)
[2017.02.27-20.29.02:262][753]LogModuleManager: Shutting down and abandoning module EditorStyle (164)
[2017.02.27-20.29.02:265][753]LogModuleManager: Shutting down and abandoning module SourceCodeAccess (162)
[2017.02.27-20.29.02:265][753]LogModuleManager: Shutting down and abandoning module HeadMountedDisplay (160)
[2017.02.27-20.29.02:265][753]LogModuleManager: Shutting down and abandoning module XAudio2 (158)
[2017.02.27-20.29.02:265][753]LogModuleManager: Shutting down and abandoning module Networking (156)
[2017.02.27-20.29.02:265][753]LogModuleManager: Shutting down and abandoning module Core (152)
[2017.02.27-20.29.02:265][753]LogModuleManager: Shutting down and abandoning module AssetRegistry (150)
[2017.02.27-20.29.02:419][753]LogDirectoryWatcher: A directory notification for '../../../Engine/Content/' was aborted.
[2017.02.27-20.29.02:419][753]LogDirectoryWatcher: A directory notification for '../../../../../../Users/Ziggy/Documents/SourceTreeRepositories/BattleTankProject/BattleTank/Content/' was aborted.
[2017.02.27-20.29.02:419][753]LogDirectoryWatcher: A directory notification for '../../../Engine/Plugins/2D/Paper2D/Content/' was aborted.
[2017.02.27-20.29.02:419][753]LogModuleManager: Shutting down and abandoning module DirectoryWatcher (149)
[2017.02.27-20.29.02:420][753]LogModuleManager: Shutting down and abandoning module KismetCompiler (146)
[2017.02.27-20.29.02:420][753]LogModuleManager: Shutting down and abandoning module PhysXFormats (144)
[2017.02.27-20.29.02:420][753]LogModuleManager: Shutting down and abandoning module MeshUtilities (142)
[2017.02.27-20.29.02:420][753]LogModuleManager: Shutting down and abandoning module SimplygonSwarm (141)
[2017.02.27-20.29.02:420][753]LogModuleManager: Shutting down and abandoning module SimplygonMeshReduction (139)
[2017.02.27-20.29.02:420][753]LogModuleManager: Shutting down and abandoning module QuadricMeshReduction (137)
[2017.02.27-20.29.02:420][753]LogModuleManager: Shutting down and abandoning module PropertyEditor (135)
[2017.02.27-20.29.02:420][753]LogModuleManager: Shutting down and abandoning module DerivedDataCache (132)
[2017.02.27-20.29.02:465][753]LogDerivedDataCache: Shutdown
[2017.02.27-20.29.02:465][753]LogModuleManager: Shutting down and abandoning module TargetPlatform (130)
[2017.02.27-20.29.02:465][753]LogModuleManager: Shutting down and abandoning module VulkanShaderFormat (129)
[2017.02.27-20.29.02:465][753]LogModuleManager: Shutting down and abandoning module ShaderFormatOpenGL (127)
[2017.02.27-20.29.02:465][753]LogModuleManager: Shutting down and abandoning module ShaderFormatD3D (125)
[2017.02.27-20.29.02:465][753]LogModuleManager: Shutting down and abandoning module MetalShaderFormat (123)
[2017.02.27-20.29.02:465][753]LogModuleManager: Shutting down and abandoning module TextureFormatUncompressed (121)
[2017.02.27-20.29.02:465][753]LogModuleManager: Shutting down and abandoning module TextureFormatPVR (119)
[2017.02.27-20.29.02:465][753]LogModuleManager: Shutting down and abandoning module TextureFormatDXT (117)
[2017.02.27-20.29.02:465][753]LogModuleManager: Shutting down and abandoning module TextureFormatIntelISPCTexComp (115)
[2017.02.27-20.29.02:466][753]LogModuleManager: Shutting down and abandoning module TextureFormatASTC (113)
[2017.02.27-20.29.02:466][753]LogModuleManager: Shutting down and abandoning module ImageWrapper (112)
[2017.02.27-20.29.02:466][753]LogModuleManager: Shutting down and abandoning module TextureFormatAndroid (109)
[2017.02.27-20.29.02:466][753]LogModuleManager: Shutting down and abandoning module AudioFormatOpus (107)
[2017.02.27-20.29.02:466][753]LogModuleManager: Shutting down and abandoning module AudioFormatOgg (105)
[2017.02.27-20.29.02:466][753]LogModuleManager: Shutting down and abandoning module AudioFormatADPCM (103)
[2017.02.27-20.29.02:466][753]LogModuleManager: Shutting down and abandoning module LinuxTargetPlatform (101)
[2017.02.27-20.29.02:466][753]LogModuleManager: Shutting down and abandoning module LinuxServerTargetPlatform (99)
[2017.02.27-20.29.02:466][753]LogModuleManager: Shutting down and abandoning module LinuxNoEditorTargetPlatform (97)
[2017.02.27-20.29.02:466][753]LogModuleManager: Shutting down and abandoning module LinuxClientTargetPlatform (95)
[2017.02.27-20.29.02:466][753]LogModuleManager: Shutting down and abandoning module TVOSTargetPlatform (93)
[2017.02.27-20.29.02:466][753]LogModuleManager: Shutting down and abandoning module Messaging (91)
[2017.02.27-20.29.02:466][753]LogModuleManager: Shutting down and abandoning module IOSTargetPlatform (89)
[2017.02.27-20.29.02:466][753]LogModuleManager: Shutting down and abandoning module HTML5TargetPlatform (87)
[2017.02.27-20.29.02:466][753]LogModuleManager: Shutting down and abandoning module Android_PVRTCTargetPlatform (85)
[2017.02.27-20.29.02:466][753]LogModuleManager: Shutting down and abandoning module Android_MultiTargetPlatform (83)
[2017.02.27-20.29.02:466][753]LogModuleManager: Shutting down and abandoning module Android_ETC2TargetPlatform (81)
[2017.02.27-20.29.02:466][753]LogModuleManager: Shutting down and abandoning module Android_ETC1TargetPlatform (79)
[2017.02.27-20.29.02:466][753]LogModuleManager: Shutting down and abandoning module Android_DXTTargetPlatform (77)
[2017.02.27-20.29.02:466][753]LogModuleManager: Shutting down and abandoning module Android_ATCTargetPlatform (75)
[2017.02.27-20.29.02:466][753]LogModuleManager: Shutting down and abandoning module Android_ASTCTargetPlatform (73)
[2017.02.27-20.29.02:466][753]LogModuleManager: Shutting down and abandoning module AndroidTargetPlatform (71)
[2017.02.27-20.29.02:466][753]LogModuleManager: Shutting down and abandoning module WindowsTargetPlatform (69)
[2017.02.27-20.29.02:466][753]LogModuleManager: Shutting down and abandoning module WindowsServerTargetPlatform (67)
[2017.02.27-20.29.02:466][753]LogModuleManager: Shutting down and abandoning module WindowsNoEditorTargetPlatform (65)
[2017.02.27-20.29.02:466][753]LogModuleManager: Shutting down and abandoning module WindowsClientTargetPlatform (63)
[2017.02.27-20.29.02:466][753]LogModuleManager: Shutting down and abandoning module MacTargetPlatform (61)
[2017.02.27-20.29.02:466][753]LogModuleManager: Shutting down and abandoning module MacServerTargetPlatform (59)
[2017.02.27-20.29.02:466][753]LogModuleManager: Shutting down and abandoning module MacNoEditorTargetPlatform (57)
[2017.02.27-20.29.02:466][753]LogModuleManager: Shutting down and abandoning module MacClientTargetPlatform (55)
[2017.02.27-20.29.02:466][753]LogModuleManager: Shutting down and abandoning module AllDesktopTargetPlatform (53)
[2017.02.27-20.29.02:466][753]LogModuleManager: Shutting down and abandoning module InputCore (50)
[2017.02.27-20.29.02:466][753]LogModuleManager: Shutting down and abandoning module Settings (48)
[2017.02.27-20.29.02:466][753]LogModuleManager: Shutting down and abandoning module OculusRift (46)
[2017.02.27-20.29.02:466][753]LogModuleManager: Shutting down and abandoning module ExampleDeviceProfileSelector (44)
[2017.02.27-20.29.02:466][753]LogModuleManager: Shutting down and abandoning module OnlineBlueprintSupport (42)
[2017.02.27-20.29.02:466][753]LogModuleManager: Shutting down and abandoning module OnlineSubsystem (38)
[2017.02.27-20.29.02:466][753]LogOnline:Display: Unloading online subsystem: NULL
[2017.02.27-20.29.02:466][753]LogModuleManager: Shutting down and abandoning module XMPP (37)
[2017.02.27-20.29.02:466][753]LogModuleManager: Shutting down and abandoning module HTTP (35)
[2017.02.27-20.29.02:466][753]LogHttp:Display: Http module shutting down, but needs to wait on 1 outstanding Http requests:
[2017.02.27-20.29.02:466][753]LogHttp:Display: 	verb=[POST] url=[https://datarouter.ol.epicgames.com/datarouter/api/v1/public/data?SessionID=%7B05CBC738-4425-5557-A89C-118EB20A659A%7D&AppID=UEEditor.Rocket.Release&AppVersion=4.15.0-3299760%2B%2B%2BUE4%2BRelease-4.15&UserID=24e04b4b428b8b44212f0d8344e6abf2%7C632015b1da4f41bc982c9d55f1bc8027%7C8e479c36-66ca-4b09-a4cf-be8e95aa911c&AppEnvironment=datacollector-binary&UploadType=eteventstream] status=Processing
[2017.02.27-20.29.02:482][753]LogModuleManager: Shutting down and abandoning module SSL (34)
[2017.02.27-20.29.02:484][753]LogModuleManager: Shutting down and abandoning module AudioEditor (30)
[2017.02.27-20.29.02:484][753]LogModuleManager: Shutting down and abandoning module TextureCompressor (28)
[2017.02.27-20.29.02:485][753]LogModuleManager: Shutting down and abandoning module ShaderCore (26)
[2017.02.27-20.29.02:485][753]LogModuleManager: Shutting down and abandoning module Landscape (24)
[2017.02.27-20.29.02:485][753]LogModuleManager: Shutting down and abandoning module SlateRHIRenderer (22)
[2017.02.27-20.29.02:487][753]LogModuleManager: Shutting down and abandoning module OpenGLDrv (20)
[2017.02.27-20.29.02:487][753]LogModuleManager: Shutting down and abandoning module D3D11RHI (18)
[2017.02.27-20.29.02:487][753]LogModuleManager: Shutting down and abandoning module AnimGraphRuntime (16)
[2017.02.27-20.29.02:487][753]LogModuleManager: Shutting down and abandoning module Renderer (14)
[2017.02.27-20.29.02:487][753]LogModuleManager: Shutting down and abandoning module Engine (12)
[2017.02.27-20.29.02:487][753]LogModuleManager: Shutting down and abandoning module CoreUObject (10)
[2017.02.27-20.29.02:487][753]LogModuleManager: Shutting down and abandoning module NetworkFile (8)
[2017.02.27-20.29.02:487][753]LogModuleManager: Shutting down and abandoning module StreamingFile (6)
[2017.02.27-20.29.02:487][753]LogModuleManager: Shutting down and abandoning module SandboxFile (4)
[2017.02.27-20.29.02:487][753]LogModuleManager: Shutting down and abandoning module PakFile (2)
[2017.02.27-20.29.02:493][753]LogExit: Exiting.
[2017.02.27-20.29.02:518][753]Log file closed, 02/27/17 15:29:02
